============================= test session starts ==============================
platform linux2 -- Python 2.7.12, pytest-4.6.5, py-1.8.1, pluggy-0.13.1
ansible: 2.8.7
rootdir: /var/johnar/sonic-mgmt/tests, inifile: pytest.ini
plugins: ansible-2.2.2, xdist-1.28.0, repeat-0.8.0, forked-1.1.3
collected 20 items

ixia/test_ixia_demo_ecmp.py::test_ixia_demo_ecmp[1-20] 
-------------------------------- live log setup --------------------------------
2020-10-21 08:00:28 [    INFO] dut accton-as7716 belongs to groups [u'lab', u'sonic', u'sonic_accton'] (conftest.py:304)
2020-10-21 08:00:28 [    INFO] skip empty var file ../ansible/group_vars/all/env.yml (conftest.py:315)
2020-10-21 08:00:28 [    INFO] skip empty var file ../ansible/group_vars/all/corefile_uploader.yml (conftest.py:315)
2020-10-21 08:00:28 [    INFO] Start pre-test sanity check (__init__.py:53)
2020-10-21 08:00:28 [    INFO] Found marker: m.name=disable_loganalyzer, m.args=(), m.kwargs={} (__init__.py:63)
2020-10-21 08:00:28 [    INFO] Sanity check settings: skip_sanity=True, check_items=set(['services', 'interfaces', 'processes', 'dbmemory']), allow_recover=False, recover_method=adaptive, post_check=False (__init__.py:89)
2020-10-21 08:00:28 [    INFO] Skip sanity check according to command line argument or configuration of test script. (__init__.py:92)
2020-10-21 08:00:28 [    INFO] Add start marker into DUT syslog (__init__.py:14)
2020-10-21 08:00:29 [    INFO] using python version 2.7.12 (default, Apr 15 2020, 17:07:12) 
[GCC 5.4.0 20160609] (connection.py:81)
2020-10-21 08:00:29 [    INFO] using ixnetwork-restpy version 1.0.52 (connection.py:83)
2020-10-21 08:00:29 [ WARNING] Verification of certificates is disabled (connection.py:242)
2020-10-21 08:00:29 [    INFO] The package will automatically determine the test tool platform and rest_port using the 10.36.78.241 address. (connection.py:239)
2020-10-21 08:00:29 [ WARNING] Unable to connect to test tool at http://10.36.78.241:443. (connection.py:242)
2020-10-21 08:00:29 [    INFO] Connection established to `https://10.36.78.241:443 on linux` (connection.py:239)
2020-10-21 08:00:39 [    INFO] using IxNetwork api server version 9.10.2007.7 (connection.py:239)
-------------------------------- live log call ---------------------------------
2020-10-21 08:00:40 [    INFO] 获取拓扑连接信息。 (ixia_helpers.py:654)
2020-10-21 08:00:40 [    INFO] 创建 Ixia Session IP。 (ixia_helpers.py:654)
2020-10-21 08:00:40 [    INFO] 加载配置文件。 (ixia_helpers.py:654)
2020-10-21 08:00:42 [    INFO] 配置License server信息。 (ixia_helpers.py:654)
2020-10-21 08:00:45 [    INFO] 连接机框，开始抢占端口[[u'10.36.78.8', '1', '1'], [u'10.36.78.8', '1', '3']] (ixia_helpers.py:654)
2020-10-21 08:00:45 [    INFO] 连接机框 10.36.78.8，开始抢占端口1/1 (ixia_helpers.py:654)
2020-10-21 08:00:46 [    INFO] 连接机框 10.36.78.8，开始抢占端口1/3 (ixia_helpers.py:654)
2020-10-21 08:01:24 [    INFO] 测试仪开启ARP应答，主动发送ARP请求。 (ixia_helpers.py:654)
2020-10-21 08:01:24 [    INFO] 建立BGP邻居关系, 发布BGP路由 (ixia_helpers.py:654)
2020-10-21 08:01:27 [    INFO] 等待协议建立完成，检查协议状态和数量是否正确。 (ixia_helpers.py:654)
2020-10-21 08:01:43 [    INFO] 

BGP STATS: Row:0  View:BGP Peer Per Port  Sampled:2020-10-21 08:01:43.663615 UTC
	Port: 10GE LAN - 001
	Sessions Up: 1
	Sessions Down: 0
	Sessions Not Started: 0
	Sessions Total: 1
	Sessions Configured: 1
	Sessions Established: 1
	Session Flap Count: 0
	Idle State Count: 0
	Connect State Count: 0
	Active State Count: 0
	OpenSent State Count: 0
	OpenConfirm State Count: 0
	Established State Count: 1
	Routes Advertised: 1000
	Routes Withdrawn: 0
	Messages Tx: 7
	Messages Rx: 8
	Updates Tx: 1
	Updates Rx: 3
	Routes Rx: 2001
	Route Withdraws Rx: 0
	Opens Tx: 1
	Opens Rx: 1
	KeepAlives Tx: 5
	KeepAlives Rx: 4
	Notifications Tx: 0
	Notifications Rx: 0
	Hold Timer Expireds Tx: 0
	Hold Timer Expireds Rx: 0
	Graceful Restarts Attempted: 0
	Graceful Restarts Failed: 0
	Routes Rx Graceful Restart: 0
	End of RIB Rx: 0
Row:1  View:BGP Peer Per Port  Sampled:2020-10-21 08:01:43.663615 UTC
	Port: 10GE LAN - 002
	Sessions Up: 16
	Sessions Down: 0
	Sessions Not Started: 0
	Sessions Total: 16
	Sessions Configured: 16
	Sessions Established: 16
	Session Flap Count: 0
	Idle State Count: 0
	Connect State Count: 0
	Active State Count: 0
	OpenSent State Count: 0
	OpenConfirm State Count: 0
	Established State Count: 16
	Routes Advertised: 16000
	Routes Withdrawn: 0
	Messages Tx: 102
	Messages Rx: 118
	Updates Tx: 16
	Updates Rx: 48
	Routes Rx: 32016
	Route Withdraws Rx: 0
	Opens Tx: 16
	Opens Rx: 16
	KeepAlives Tx: 70
	KeepAlives Rx: 54
	Notifications Tx: 0
	Notifications Rx: 0
	Hold Timer Expireds Tx: 0
	Hold Timer Expireds Rx: 0
	Graceful Restarts Attempted: 0
	Graceful Restarts Failed: 0
	Routes Rx Graceful Restart: 0
	End of RIB Rx: 0


 (ixia_helpers.py:654)
2020-10-21 08:01:45 [    INFO] 

nProtocol STATS: Row:0  View:Protocols Summary  Sampled:2020-10-21 08:01:45.336011 UTC
	Protocol Type: BGP Peer
	Sessions Up: 17
	Sessions Down: 0
	Sessions Not Started: 0
	Sessions Total: 17
	Average Setup Rate: N/A
	Average Teardown Rate: N/A


 (ixia_helpers.py:654)
2020-10-21 08:01:45 [    INFO] 

nProtocol STATS: Row:1  View:Protocols Summary  Sampled:2020-10-21 08:01:45.336011 UTC
	Protocol Type: IPv4
	Sessions Up: 17
	Sessions Down: 0
	Sessions Not Started: 0
	Sessions Total: 17
	Average Setup Rate: N/A
	Average Teardown Rate: N/A


 (ixia_helpers.py:654)
2020-10-21 08:01:45 [    INFO] 所有BGP Peer已经全部到达Established状态 (ixia_helpers.py:654)
2020-10-21 08:01:45 [    INFO] Ixia测试仪表下发流量配置，发送路由验证流量。 (ixia_helpers.py:654)
2020-10-21 08:02:08 [    INFO] 发送interface down命令 (ixia_helpers.py:654)
2020-10-21 08:02:08 [    INFO] 连接DUT进行配置 (ixia_helpers.py:654)
2020-10-21 08:02:08 [    INFO] Connected (version 2.0, client OpenSSH_7.9p1) (transport.py:1572)
2020-10-21 08:02:08 [    INFO] Authentication (password) successful! (transport.py:1572)
2020-10-21 08:02:13 [    INFO] DUT配置完成 (ixia_helpers.py:654)
2020-10-21 08:02:13 [    INFO] 已经向fanout交换机发送interface down命令 (ixia_helpers.py:654)
2020-10-21 08:02:23 [    INFO] Ixia测试仪表停止流量。 (ixia_helpers.py:654)
2020-10-21 08:02:32 [    INFO] Ixia测试仪表根据需求按照Flow统计方式定制统计结果。 (ixia_helpers.py:654)
2020-10-21 08:02:34 [    INFO] 

STATS: Row:0  View:Flow Statistics  Sampled:2020-10-21 08:02:34.484985 UTC
	Tx Port: 10GE LAN - 001
	Rx Port: 10GE LAN - 002
	Traffic Item: Traffic Item
	VLAN:VLAN-ID: 1681
	Tx Frames: 4510867
	Rx Frames: 4509615
	Frames Delta: 1252
	Loss %: 0.028
	Packet Loss Duration (ms): 7.825
	Tx Frame Rate: 0.000
	Rx Frame Rate: 0.000
	Tx L1 Rate (bps): 0.000
	Rx L1 Rate (bps): 0.000
	Rx Bytes: 405865350
	Tx Rate (Bps): 0.000
	Rx Rate (Bps): 0.000
	Tx Rate (bps): 0.000
	Rx Rate (bps): 0.000
	Tx Rate (Kbps): 0.000
	Rx Rate (Kbps): 0.000
	Tx Rate (Mbps): 0.000
	Rx Rate (Mbps): 0.000
	Store-Forward Avg Latency (ns): 51093
	Store-Forward Min Latency (ns): 0
	Store-Forward Max Latency (ns): 6171960
	First TimeStamp: 00:00:02.001
	Last TimeStamp: 00:00:30.194


 (ixia_helpers.py:654)
2020-10-21 08:02:34 [    INFO] 
Row:0  TxPort:10GE LAN - 001  RxPort:10GE LAN - 002  TxFrames:4510867  RxFrames:4509615 Packet Loss Duration (ms):7.825
 (ixia_helpers.py:654)
2020-10-21 08:02:34 [    INFO] Packet Loss Duration (ms)：7.825 (test_ixia_demo_ecmp.py:117)
2020-10-21 08:03:07 [    INFO] 统计流量数据。 (ixia_helpers.py:654)
2020-10-21 08:03:09 [    INFO] 

STATS: Row:0  View:Flow Statistics  Sampled:2020-10-21 08:03:09.680514 UTC
	Tx Port: 10GE LAN - 001
	Rx Port: 10GE LAN - 002
	Traffic Item: Traffic Item
	VLAN:VLAN-ID: 1681
	Tx Frames: 2118847
	Rx Frames: 2118847
	Frames Delta: 0
	Loss %: 0.000
	Packet Loss Duration (ms): 0.000
	Tx Frame Rate: 0.000
	Rx Frame Rate: 0.000
	Tx L1 Rate (bps): 0.000
	Rx L1 Rate (bps): 0.000
	Rx Bytes: 190696230
	Tx Rate (Bps): 0.000
	Rx Rate (Bps): 0.000
	Tx Rate (bps): 0.000
	Rx Rate (bps): 0.000
	Tx Rate (Kbps): 0.000
	Rx Rate (Kbps): 0.000
	Tx Rate (Mbps): 0.000
	Rx Rate (Mbps): 0.000
	Store-Forward Avg Latency (ns): 50827
	Store-Forward Min Latency (ns): 0
	Store-Forward Max Latency (ns): 6802760
	First TimeStamp: 00:00:01.001
	Last TimeStamp: 00:00:14.244


 (ixia_helpers.py:654)
2020-10-21 08:03:09 [    INFO] 
Row:0  TxPort:10GE LAN - 001  RxPort:10GE LAN - 002  TxFrames:2118847  RxFrames:2118847
 (ixia_helpers.py:654)
2020-10-21 08:03:09 [    INFO] 发送interface up命令 (ixia_helpers.py:654)
2020-10-21 08:03:09 [    INFO] 连接DUT进行配置 (ixia_helpers.py:654)
2020-10-21 08:03:09 [    INFO] Connected (version 2.0, client OpenSSH_7.9p1) (transport.py:1572)
2020-10-21 08:03:09 [    INFO] Authentication (password) successful! (transport.py:1572)
2020-10-21 08:03:14 [    INFO] DUT配置完成 (ixia_helpers.py:654)
PASSED                                                                   [  5%]
------------------------------ live log teardown -------------------------------
2020-10-21 08:03:27 [    INFO] Add end marker into DUT syslog (__init__.py:25)

ixia/test_ixia_demo_ecmp.py::test_ixia_demo_ecmp[2-20] 
-------------------------------- live log setup --------------------------------
2020-10-21 08:03:29 [    INFO] Add start marker into DUT syslog (__init__.py:14)
2020-10-21 08:03:30 [ WARNING] Verification of certificates is disabled (connection.py:242)
2020-10-21 08:03:30 [    INFO] The package will automatically determine the test tool platform and rest_port using the 10.36.78.241 address. (connection.py:239)
2020-10-21 08:03:30 [ WARNING] Unable to connect to test tool at http://10.36.78.241:443. (connection.py:242)
2020-10-21 08:03:30 [    INFO] Connection established to `https://10.36.78.241:443 on linux` (connection.py:239)
2020-10-21 08:03:40 [    INFO] using IxNetwork api server version 9.10.2007.7 (connection.py:239)
-------------------------------- live log call ---------------------------------
2020-10-21 08:03:41 [    INFO] 获取拓扑连接信息。 (ixia_helpers.py:654)
2020-10-21 08:03:41 [    INFO] 创建 Ixia Session IP。 (ixia_helpers.py:654)
2020-10-21 08:03:41 [    INFO] 加载配置文件。 (ixia_helpers.py:654)
2020-10-21 08:03:43 [    INFO] 配置License server信息。 (ixia_helpers.py:654)
2020-10-21 08:03:46 [    INFO] 连接机框，开始抢占端口[[u'10.36.78.8', '1', '1'], [u'10.36.78.8', '1', '3']] (ixia_helpers.py:654)
2020-10-21 08:03:46 [    INFO] 连接机框 10.36.78.8，开始抢占端口1/1 (ixia_helpers.py:654)
2020-10-21 08:03:46 [    INFO] 连接机框 10.36.78.8，开始抢占端口1/3 (ixia_helpers.py:654)
2020-10-21 08:04:24 [    INFO] 测试仪开启ARP应答，主动发送ARP请求。 (ixia_helpers.py:654)
2020-10-21 08:04:24 [    INFO] 建立BGP邻居关系, 发布BGP路由 (ixia_helpers.py:654)
2020-10-21 08:04:28 [    INFO] 等待协议建立完成，检查协议状态和数量是否正确。 (ixia_helpers.py:654)
2020-10-21 08:04:44 [    INFO] 

BGP STATS: Row:0  View:BGP Peer Per Port  Sampled:2020-10-21 08:04:44.724668 UTC
	Port: 10GE LAN - 001
	Sessions Up: 1
	Sessions Down: 0
	Sessions Not Started: 0
	Sessions Total: 1
	Sessions Configured: 1
	Sessions Established: 1
	Session Flap Count: 0
	Idle State Count: 0
	Connect State Count: 0
	Active State Count: 0
	OpenSent State Count: 0
	OpenConfirm State Count: 0
	Established State Count: 1
	Routes Advertised: 1000
	Routes Withdrawn: 0
	Messages Tx: 6
	Messages Rx: 7
	Updates Tx: 1
	Updates Rx: 3
	Routes Rx: 2001
	Route Withdraws Rx: 0
	Opens Tx: 1
	Opens Rx: 1
	KeepAlives Tx: 4
	KeepAlives Rx: 3
	Notifications Tx: 0
	Notifications Rx: 0
	Hold Timer Expireds Tx: 0
	Hold Timer Expireds Rx: 0
	Graceful Restarts Attempted: 0
	Graceful Restarts Failed: 0
	Routes Rx Graceful Restart: 0
	End of RIB Rx: 0
Row:1  View:BGP Peer Per Port  Sampled:2020-10-21 08:04:44.724668 UTC
	Port: 10GE LAN - 002
	Sessions Up: 16
	Sessions Down: 0
	Sessions Not Started: 0
	Sessions Total: 16
	Sessions Configured: 16
	Sessions Established: 16
	Session Flap Count: 0
	Idle State Count: 0
	Connect State Count: 0
	Active State Count: 0
	OpenSent State Count: 0
	OpenConfirm State Count: 0
	Established State Count: 16
	Routes Advertised: 16000
	Routes Withdrawn: 0
	Messages Tx: 99
	Messages Rx: 115
	Updates Tx: 16
	Updates Rx: 48
	Routes Rx: 32016
	Route Withdraws Rx: 0
	Opens Tx: 16
	Opens Rx: 16
	KeepAlives Tx: 67
	KeepAlives Rx: 51
	Notifications Tx: 0
	Notifications Rx: 0
	Hold Timer Expireds Tx: 0
	Hold Timer Expireds Rx: 0
	Graceful Restarts Attempted: 0
	Graceful Restarts Failed: 0
	Routes Rx Graceful Restart: 0
	End of RIB Rx: 0


 (ixia_helpers.py:654)
2020-10-21 08:04:46 [    INFO] 

nProtocol STATS: Row:0  View:Protocols Summary  Sampled:2020-10-21 08:04:46.436547 UTC
	Protocol Type: BGP Peer
	Sessions Up: 17
	Sessions Down: 0
	Sessions Not Started: 0
	Sessions Total: 17
	Average Setup Rate: N/A
	Average Teardown Rate: N/A


 (ixia_helpers.py:654)
2020-10-21 08:04:46 [    INFO] 

nProtocol STATS: Row:1  View:Protocols Summary  Sampled:2020-10-21 08:04:46.436547 UTC
	Protocol Type: IPv4
	Sessions Up: 17
	Sessions Down: 0
	Sessions Not Started: 0
	Sessions Total: 17
	Average Setup Rate: N/A
	Average Teardown Rate: N/A


 (ixia_helpers.py:654)
2020-10-21 08:04:46 [    INFO] 所有BGP Peer已经全部到达Established状态 (ixia_helpers.py:654)
2020-10-21 08:04:46 [    INFO] Ixia测试仪表下发流量配置，发送路由验证流量。 (ixia_helpers.py:654)
2020-10-21 08:05:09 [    INFO] 发送interface down命令 (ixia_helpers.py:654)
2020-10-21 08:05:09 [    INFO] 连接DUT进行配置 (ixia_helpers.py:654)
2020-10-21 08:05:09 [    INFO] Connected (version 2.0, client OpenSSH_7.9p1) (transport.py:1572)
2020-10-21 08:05:09 [    INFO] Authentication (password) successful! (transport.py:1572)
2020-10-21 08:05:14 [    INFO] DUT配置完成 (ixia_helpers.py:654)
2020-10-21 08:05:14 [    INFO] 已经向fanout交换机发送interface down命令 (ixia_helpers.py:654)
2020-10-21 08:05:24 [    INFO] Ixia测试仪表停止流量。 (ixia_helpers.py:654)
2020-10-21 08:05:33 [    INFO] Ixia测试仪表根据需求按照Flow统计方式定制统计结果。 (ixia_helpers.py:654)
2020-10-21 08:05:35 [    INFO] 

STATS: Row:0  View:Flow Statistics  Sampled:2020-10-21 08:05:35.524578 UTC
	Tx Port: 10GE LAN - 001
	Rx Port: 10GE LAN - 002
	Traffic Item: Traffic Item
	VLAN:VLAN-ID: 1681
	Tx Frames: 4515331
	Rx Frames: 4513112
	Frames Delta: 2219
	Loss %: 0.049
	Packet Loss Duration (ms): 13.869
	Tx Frame Rate: 0.000
	Rx Frame Rate: 0.000
	Tx L1 Rate (bps): 0.000
	Rx L1 Rate (bps): 0.000
	Rx Bytes: 406180080
	Tx Rate (Bps): 0.000
	Rx Rate (Bps): 0.000
	Tx Rate (bps): 0.000
	Rx Rate (bps): 0.000
	Tx Rate (Kbps): 0.000
	Rx Rate (Kbps): 0.000
	Tx Rate (Mbps): 0.000
	Rx Rate (Mbps): 0.000
	Store-Forward Avg Latency (ns): 49870
	Store-Forward Min Latency (ns): 0
	Store-Forward Max Latency (ns): 11587760
	First TimeStamp: 00:00:02.001
	Last TimeStamp: 00:00:30.222


 (ixia_helpers.py:654)
2020-10-21 08:05:35 [    INFO] 
Row:0  TxPort:10GE LAN - 001  RxPort:10GE LAN - 002  TxFrames:4515331  RxFrames:4513112 Packet Loss Duration (ms):13.869
 (ixia_helpers.py:654)
2020-10-21 08:05:35 [    INFO] Packet Loss Duration (ms)：13.869 (test_ixia_demo_ecmp.py:117)
2020-10-21 08:06:09 [    INFO] 统计流量数据。 (ixia_helpers.py:654)
2020-10-21 08:06:11 [    INFO] 

STATS: Row:0  View:Flow Statistics  Sampled:2020-10-21 08:06:11.725896 UTC
	Tx Port: 10GE LAN - 001
	Rx Port: 10GE LAN - 002
	Traffic Item: Traffic Item
	VLAN:VLAN-ID: 1681
	Tx Frames: 2298212
	Rx Frames: 2298212
	Frames Delta: 0
	Loss %: 0.000
	Packet Loss Duration (ms): 0.000
	Tx Frame Rate: 0.000
	Rx Frame Rate: 0.000
	Tx L1 Rate (bps): 0.000
	Rx L1 Rate (bps): 0.000
	Rx Bytes: 206839080
	Tx Rate (Bps): 0.000
	Rx Rate (Bps): 0.000
	Tx Rate (bps): 0.000
	Rx Rate (bps): 0.000
	Tx Rate (Kbps): 0.000
	Rx Rate (Kbps): 0.000
	Tx Rate (Mbps): 0.000
	Rx Rate (Mbps): 0.000
	Store-Forward Avg Latency (ns): 44961
	Store-Forward Min Latency (ns): 0
	Store-Forward Max Latency (ns): 3619200
	First TimeStamp: 00:00:01.001
	Last TimeStamp: 00:00:15.365


 (ixia_helpers.py:654)
2020-10-21 08:06:11 [    INFO] 
Row:0  TxPort:10GE LAN - 001  RxPort:10GE LAN - 002  TxFrames:2298212  RxFrames:2298212
 (ixia_helpers.py:654)
2020-10-21 08:06:11 [    INFO] 发送interface up命令 (ixia_helpers.py:654)
2020-10-21 08:06:11 [    INFO] 连接DUT进行配置 (ixia_helpers.py:654)
2020-10-21 08:06:11 [    INFO] Connected (version 2.0, client OpenSSH_7.9p1) (transport.py:1572)
2020-10-21 08:06:11 [    INFO] Authentication (password) successful! (transport.py:1572)
2020-10-21 08:06:16 [    INFO] DUT配置完成 (ixia_helpers.py:654)
PASSED                                                                   [ 10%]
------------------------------ live log teardown -------------------------------
2020-10-21 08:06:29 [    INFO] Add end marker into DUT syslog (__init__.py:25)

ixia/test_ixia_demo_ecmp.py::test_ixia_demo_ecmp[3-20] 
-------------------------------- live log setup --------------------------------
2020-10-21 08:06:31 [    INFO] Add start marker into DUT syslog (__init__.py:14)
2020-10-21 08:06:32 [ WARNING] Verification of certificates is disabled (connection.py:242)
2020-10-21 08:06:32 [    INFO] The package will automatically determine the test tool platform and rest_port using the 10.36.78.241 address. (connection.py:239)
2020-10-21 08:06:32 [ WARNING] Unable to connect to test tool at http://10.36.78.241:443. (connection.py:242)
2020-10-21 08:06:32 [    INFO] Connection established to `https://10.36.78.241:443 on linux` (connection.py:239)
2020-10-21 08:06:42 [    INFO] using IxNetwork api server version 9.10.2007.7 (connection.py:239)
-------------------------------- live log call ---------------------------------
2020-10-21 08:06:43 [    INFO] 获取拓扑连接信息。 (ixia_helpers.py:654)
2020-10-21 08:06:43 [    INFO] 创建 Ixia Session IP。 (ixia_helpers.py:654)
2020-10-21 08:06:43 [    INFO] 加载配置文件。 (ixia_helpers.py:654)
2020-10-21 08:06:45 [    INFO] 配置License server信息。 (ixia_helpers.py:654)
2020-10-21 08:06:48 [    INFO] 连接机框，开始抢占端口[[u'10.36.78.8', '1', '1'], [u'10.36.78.8', '1', '3']] (ixia_helpers.py:654)
2020-10-21 08:06:48 [    INFO] 连接机框 10.36.78.8，开始抢占端口1/1 (ixia_helpers.py:654)
2020-10-21 08:06:49 [    INFO] 连接机框 10.36.78.8，开始抢占端口1/3 (ixia_helpers.py:654)
2020-10-21 08:07:26 [    INFO] 测试仪开启ARP应答，主动发送ARP请求。 (ixia_helpers.py:654)
2020-10-21 08:07:26 [    INFO] 建立BGP邻居关系, 发布BGP路由 (ixia_helpers.py:654)
2020-10-21 08:07:31 [    INFO] 等待协议建立完成，检查协议状态和数量是否正确。 (ixia_helpers.py:654)
2020-10-21 08:07:44 [    INFO] 

BGP STATS: Row:0  View:BGP Peer Per Port  Sampled:2020-10-21 08:07:44.985999 UTC
	Port: 10GE LAN - 001
	Sessions Up: 1
	Sessions Down: 0
	Sessions Not Started: 0
	Sessions Total: 1
	Sessions Configured: 1
	Sessions Established: 1
	Session Flap Count: 0
	Idle State Count: 0
	Connect State Count: 0
	Active State Count: 0
	OpenSent State Count: 0
	OpenConfirm State Count: 0
	Established State Count: 1
	Routes Advertised: 1000
	Routes Withdrawn: 0
	Messages Tx: 5
	Messages Rx: 3
	Updates Tx: 1
	Updates Rx: 0
	Routes Rx: 0
	Route Withdraws Rx: 0
	Opens Tx: 1
	Opens Rx: 1
	KeepAlives Tx: 3
	KeepAlives Rx: 2
	Notifications Tx: 0
	Notifications Rx: 0
	Hold Timer Expireds Tx: 0
	Hold Timer Expireds Rx: 0
	Graceful Restarts Attempted: 0
	Graceful Restarts Failed: 0
	Routes Rx Graceful Restart: 0
	End of RIB Rx: 0
Row:1  View:BGP Peer Per Port  Sampled:2020-10-21 08:07:44.985999 UTC
	Port: 10GE LAN - 002
	Sessions Up: 16
	Sessions Down: 0
	Sessions Not Started: 0
	Sessions Total: 16
	Sessions Configured: 16
	Sessions Established: 16
	Session Flap Count: 0
	Idle State Count: 0
	Connect State Count: 0
	Active State Count: 0
	OpenSent State Count: 0
	OpenConfirm State Count: 0
	Established State Count: 16
	Routes Advertised: 16000
	Routes Withdrawn: 0
	Messages Tx: 88
	Messages Rx: 98
	Updates Tx: 16
	Updates Rx: 42
	Routes Rx: 28014
	Route Withdraws Rx: 0
	Opens Tx: 16
	Opens Rx: 16
	KeepAlives Tx: 56
	KeepAlives Rx: 40
	Notifications Tx: 0
	Notifications Rx: 0
	Hold Timer Expireds Tx: 0
	Hold Timer Expireds Rx: 0
	Graceful Restarts Attempted: 0
	Graceful Restarts Failed: 0
	Routes Rx Graceful Restart: 0
	End of RIB Rx: 0


 (ixia_helpers.py:654)
2020-10-21 08:07:46 [    INFO] 

nProtocol STATS: Row:0  View:Protocols Summary  Sampled:2020-10-21 08:07:46.655013 UTC
	Protocol Type: BGP Peer
	Sessions Up: 17
	Sessions Down: 0
	Sessions Not Started: 0
	Sessions Total: 17
	Average Setup Rate: N/A
	Average Teardown Rate: N/A


 (ixia_helpers.py:654)
2020-10-21 08:07:46 [    INFO] 

nProtocol STATS: Row:1  View:Protocols Summary  Sampled:2020-10-21 08:07:46.655013 UTC
	Protocol Type: IPv4
	Sessions Up: 17
	Sessions Down: 0
	Sessions Not Started: 0
	Sessions Total: 17
	Average Setup Rate: N/A
	Average Teardown Rate: N/A


 (ixia_helpers.py:654)
2020-10-21 08:07:46 [    INFO] 所有BGP Peer已经全部到达Established状态 (ixia_helpers.py:654)
2020-10-21 08:07:46 [    INFO] Ixia测试仪表下发流量配置，发送路由验证流量。 (ixia_helpers.py:654)
2020-10-21 08:08:10 [    INFO] 发送interface down命令 (ixia_helpers.py:654)
2020-10-21 08:08:10 [    INFO] 连接DUT进行配置 (ixia_helpers.py:654)
2020-10-21 08:08:10 [    INFO] Connected (version 2.0, client OpenSSH_7.9p1) (transport.py:1572)
2020-10-21 08:08:10 [    INFO] Authentication (password) successful! (transport.py:1572)
2020-10-21 08:08:14 [    INFO] DUT配置完成 (ixia_helpers.py:654)
2020-10-21 08:08:14 [    INFO] 已经向fanout交换机发送interface down命令 (ixia_helpers.py:654)
2020-10-21 08:08:24 [    INFO] Ixia测试仪表停止流量。 (ixia_helpers.py:654)
2020-10-21 08:08:33 [    INFO] Ixia测试仪表根据需求按照Flow统计方式定制统计结果。 (ixia_helpers.py:654)
2020-10-21 08:08:35 [    INFO] 

STATS: Row:0  View:Flow Statistics  Sampled:2020-10-21 08:08:35.848622 UTC
	Tx Port: 10GE LAN - 001
	Rx Port: 10GE LAN - 002
	Traffic Item: Traffic Item
	VLAN:VLAN-ID: 1681
	Tx Frames: 4555181
	Rx Frames: 4553616
	Frames Delta: 1565
	Loss %: 0.034
	Packet Loss Duration (ms): 9.781
	Tx Frame Rate: 0.000
	Rx Frame Rate: 0.000
	Tx L1 Rate (bps): 0.000
	Rx L1 Rate (bps): 0.000
	Rx Bytes: 409825440
	Tx Rate (Bps): 0.000
	Rx Rate (Bps): 0.000
	Tx Rate (bps): 0.000
	Rx Rate (bps): 0.000
	Tx Rate (Kbps): 0.000
	Rx Rate (Kbps): 0.000
	Tx Rate (Mbps): 0.000
	Rx Rate (Mbps): 0.000
	Store-Forward Avg Latency (ns): 46571
	Store-Forward Min Latency (ns): 0
	Store-Forward Max Latency (ns): 6896980
	First TimeStamp: 00:00:01.001
	Last TimeStamp: 00:00:29.471


 (ixia_helpers.py:654)
2020-10-21 08:08:35 [    INFO] 
Row:0  TxPort:10GE LAN - 001  RxPort:10GE LAN - 002  TxFrames:4555181  RxFrames:4553616 Packet Loss Duration (ms):9.781
 (ixia_helpers.py:654)
2020-10-21 08:08:35 [    INFO] Packet Loss Duration (ms)：9.781 (test_ixia_demo_ecmp.py:117)
2020-10-21 08:09:10 [    INFO] 统计流量数据。 (ixia_helpers.py:654)
2020-10-21 08:09:12 [    INFO] 

STATS: Row:0  View:Flow Statistics  Sampled:2020-10-21 08:09:12.118379 UTC
	Tx Port: 10GE LAN - 001
	Rx Port: 10GE LAN - 002
	Traffic Item: Traffic Item
	VLAN:VLAN-ID: 1681
	Tx Frames: 2195199
	Rx Frames: 2195199
	Frames Delta: 0
	Loss %: 0.000
	Packet Loss Duration (ms): 0.000
	Tx Frame Rate: 0.000
	Rx Frame Rate: 0.000
	Tx L1 Rate (bps): 0.000
	Rx L1 Rate (bps): 0.000
	Rx Bytes: 197567910
	Tx Rate (Bps): 0.000
	Rx Rate (Bps): 0.000
	Tx Rate (bps): 0.000
	Rx Rate (bps): 0.000
	Tx Rate (Kbps): 0.000
	Rx Rate (Kbps): 0.000
	Tx Rate (Mbps): 0.000
	Rx Rate (Mbps): 0.000
	Store-Forward Avg Latency (ns): 51522
	Store-Forward Min Latency (ns): 0
	Store-Forward Max Latency (ns): 9892120
	First TimeStamp: 00:00:02.001
	Last TimeStamp: 00:00:15.721


 (ixia_helpers.py:654)
2020-10-21 08:09:12 [    INFO] 
Row:0  TxPort:10GE LAN - 001  RxPort:10GE LAN - 002  TxFrames:2195199  RxFrames:2195199
 (ixia_helpers.py:654)
2020-10-21 08:09:12 [    INFO] 发送interface up命令 (ixia_helpers.py:654)
2020-10-21 08:09:12 [    INFO] 连接DUT进行配置 (ixia_helpers.py:654)
2020-10-21 08:09:12 [    INFO] Connected (version 2.0, client OpenSSH_7.9p1) (transport.py:1572)
2020-10-21 08:09:12 [    INFO] Authentication (password) successful! (transport.py:1572)
2020-10-21 08:09:16 [    INFO] DUT配置完成 (ixia_helpers.py:654)
PASSED                                                                   [ 15%]
------------------------------ live log teardown -------------------------------
2020-10-21 08:09:29 [    INFO] Add end marker into DUT syslog (__init__.py:25)

ixia/test_ixia_demo_ecmp.py::test_ixia_demo_ecmp[4-20] 
-------------------------------- live log setup --------------------------------
2020-10-21 08:09:31 [    INFO] Add start marker into DUT syslog (__init__.py:14)
2020-10-21 08:09:32 [ WARNING] Verification of certificates is disabled (connection.py:242)
2020-10-21 08:09:32 [    INFO] The package will automatically determine the test tool platform and rest_port using the 10.36.78.241 address. (connection.py:239)
2020-10-21 08:09:32 [ WARNING] Unable to connect to test tool at http://10.36.78.241:443. (connection.py:242)
2020-10-21 08:09:32 [    INFO] Connection established to `https://10.36.78.241:443 on linux` (connection.py:239)
2020-10-21 08:09:42 [    INFO] using IxNetwork api server version 9.10.2007.7 (connection.py:239)
-------------------------------- live log call ---------------------------------
2020-10-21 08:09:43 [    INFO] 获取拓扑连接信息。 (ixia_helpers.py:654)
2020-10-21 08:09:43 [    INFO] 创建 Ixia Session IP。 (ixia_helpers.py:654)
2020-10-21 08:09:43 [    INFO] 加载配置文件。 (ixia_helpers.py:654)
2020-10-21 08:09:45 [    INFO] 配置License server信息。 (ixia_helpers.py:654)
2020-10-21 08:09:48 [    INFO] 连接机框，开始抢占端口[[u'10.36.78.8', '1', '1'], [u'10.36.78.8', '1', '3']] (ixia_helpers.py:654)
2020-10-21 08:09:49 [    INFO] 连接机框 10.36.78.8，开始抢占端口1/1 (ixia_helpers.py:654)
2020-10-21 08:09:49 [    INFO] 连接机框 10.36.78.8，开始抢占端口1/3 (ixia_helpers.py:654)
2020-10-21 08:10:27 [    INFO] 测试仪开启ARP应答，主动发送ARP请求。 (ixia_helpers.py:654)
2020-10-21 08:10:27 [    INFO] 建立BGP邻居关系, 发布BGP路由 (ixia_helpers.py:654)
2020-10-21 08:10:31 [    INFO] 等待协议建立完成，检查协议状态和数量是否正确。 (ixia_helpers.py:654)
2020-10-21 08:10:46 [    INFO] 

BGP STATS: Row:0  View:BGP Peer Per Port  Sampled:2020-10-21 08:10:46.708897 UTC
	Port: 10GE LAN - 001
	Sessions Up: 1
	Sessions Down: 0
	Sessions Not Started: 0
	Sessions Total: 1
	Sessions Configured: 1
	Sessions Established: 1
	Session Flap Count: 0
	Idle State Count: 0
	Connect State Count: 0
	Active State Count: 0
	OpenSent State Count: 0
	OpenConfirm State Count: 0
	Established State Count: 1
	Routes Advertised: 1000
	Routes Withdrawn: 0
	Messages Tx: 6
	Messages Rx: 7
	Updates Tx: 1
	Updates Rx: 3
	Routes Rx: 2001
	Route Withdraws Rx: 0
	Opens Tx: 1
	Opens Rx: 1
	KeepAlives Tx: 4
	KeepAlives Rx: 3
	Notifications Tx: 0
	Notifications Rx: 0
	Hold Timer Expireds Tx: 0
	Hold Timer Expireds Rx: 0
	Graceful Restarts Attempted: 0
	Graceful Restarts Failed: 0
	Routes Rx Graceful Restart: 0
	End of RIB Rx: 0
Row:1  View:BGP Peer Per Port  Sampled:2020-10-21 08:10:46.708897 UTC
	Port: 10GE LAN - 002
	Sessions Up: 16
	Sessions Down: 0
	Sessions Not Started: 0
	Sessions Total: 16
	Sessions Configured: 16
	Sessions Established: 16
	Session Flap Count: 0
	Idle State Count: 0
	Connect State Count: 0
	Active State Count: 0
	OpenSent State Count: 0
	OpenConfirm State Count: 0
	Established State Count: 16
	Routes Advertised: 16000
	Routes Withdrawn: 0
	Messages Tx: 99
	Messages Rx: 115
	Updates Tx: 16
	Updates Rx: 48
	Routes Rx: 32016
	Route Withdraws Rx: 0
	Opens Tx: 16
	Opens Rx: 16
	KeepAlives Tx: 67
	KeepAlives Rx: 51
	Notifications Tx: 0
	Notifications Rx: 0
	Hold Timer Expireds Tx: 0
	Hold Timer Expireds Rx: 0
	Graceful Restarts Attempted: 0
	Graceful Restarts Failed: 0
	Routes Rx Graceful Restart: 0
	End of RIB Rx: 0


 (ixia_helpers.py:654)
2020-10-21 08:10:48 [    INFO] 

nProtocol STATS: Row:0  View:Protocols Summary  Sampled:2020-10-21 08:10:48.379861 UTC
	Protocol Type: BGP Peer
	Sessions Up: 17
	Sessions Down: 0
	Sessions Not Started: 0
	Sessions Total: 17
	Average Setup Rate: N/A
	Average Teardown Rate: N/A


 (ixia_helpers.py:654)
2020-10-21 08:10:48 [    INFO] 

nProtocol STATS: Row:1  View:Protocols Summary  Sampled:2020-10-21 08:10:48.379861 UTC
	Protocol Type: IPv4
	Sessions Up: 17
	Sessions Down: 0
	Sessions Not Started: 0
	Sessions Total: 17
	Average Setup Rate: N/A
	Average Teardown Rate: N/A


 (ixia_helpers.py:654)
2020-10-21 08:10:48 [    INFO] 所有BGP Peer已经全部到达Established状态 (ixia_helpers.py:654)
2020-10-21 08:10:48 [    INFO] Ixia测试仪表下发流量配置，发送路由验证流量。 (ixia_helpers.py:654)
2020-10-21 08:11:11 [    INFO] 发送interface down命令 (ixia_helpers.py:654)
2020-10-21 08:11:11 [    INFO] 连接DUT进行配置 (ixia_helpers.py:654)
2020-10-21 08:11:11 [    INFO] Connected (version 2.0, client OpenSSH_7.9p1) (transport.py:1572)
2020-10-21 08:11:11 [    INFO] Authentication (password) successful! (transport.py:1572)
2020-10-21 08:11:16 [    INFO] DUT配置完成 (ixia_helpers.py:654)
2020-10-21 08:11:16 [    INFO] 已经向fanout交换机发送interface down命令 (ixia_helpers.py:654)
2020-10-21 08:11:26 [    INFO] Ixia测试仪表停止流量。 (ixia_helpers.py:654)
2020-10-21 08:11:35 [    INFO] Ixia测试仪表根据需求按照Flow统计方式定制统计结果。 (ixia_helpers.py:654)
2020-10-21 08:11:37 [    INFO] 

STATS: Row:0  View:Flow Statistics  Sampled:2020-10-21 08:11:37.527442 UTC
	Tx Port: 10GE LAN - 001
	Rx Port: 10GE LAN - 002
	Traffic Item: Traffic Item
	VLAN:VLAN-ID: 1681
	Tx Frames: 4514871
	Rx Frames: 4513304
	Frames Delta: 1567
	Loss %: 0.035
	Packet Loss Duration (ms): 9.794
	Tx Frame Rate: 0.000
	Rx Frame Rate: 0.000
	Tx L1 Rate (bps): 0.000
	Rx L1 Rate (bps): 0.000
	Rx Bytes: 406197360
	Tx Rate (Bps): 0.000
	Rx Rate (Bps): 0.000
	Tx Rate (bps): 0.000
	Rx Rate (bps): 0.000
	Tx Rate (Kbps): 0.000
	Rx Rate (Kbps): 0.000
	Tx Rate (Mbps): 0.000
	Rx Rate (Mbps): 0.000
	Store-Forward Avg Latency (ns): 50532
	Store-Forward Min Latency (ns): 0
	Store-Forward Max Latency (ns): 7825600
	First TimeStamp: 00:00:02.001
	Last TimeStamp: 00:00:30.219


 (ixia_helpers.py:654)
2020-10-21 08:11:37 [    INFO] 
Row:0  TxPort:10GE LAN - 001  RxPort:10GE LAN - 002  TxFrames:4514871  RxFrames:4513304 Packet Loss Duration (ms):9.794
 (ixia_helpers.py:654)
2020-10-21 08:11:37 [    INFO] Packet Loss Duration (ms)：9.794 (test_ixia_demo_ecmp.py:117)
2020-10-21 08:12:11 [    INFO] 统计流量数据。 (ixia_helpers.py:654)
2020-10-21 08:12:13 [    INFO] 

STATS: Row:0  View:Flow Statistics  Sampled:2020-10-21 08:12:13.814680 UTC
	Tx Port: 10GE LAN - 001
	Rx Port: 10GE LAN - 002
	Traffic Item: Traffic Item
	VLAN:VLAN-ID: 1681
	Tx Frames: 2298536
	Rx Frames: 2298536
	Frames Delta: 0
	Loss %: 0.000
	Packet Loss Duration (ms): 0.000
	Tx Frame Rate: 0.000
	Rx Frame Rate: 0.000
	Tx L1 Rate (bps): 0.000
	Rx L1 Rate (bps): 0.000
	Rx Bytes: 206868240
	Tx Rate (Bps): 0.000
	Rx Rate (Bps): 0.000
	Tx Rate (bps): 0.000
	Rx Rate (bps): 0.000
	Tx Rate (Kbps): 0.000
	Rx Rate (Kbps): 0.000
	Tx Rate (Mbps): 0.000
	Rx Rate (Mbps): 0.000
	Store-Forward Avg Latency (ns): 47784
	Store-Forward Min Latency (ns): 0
	Store-Forward Max Latency (ns): 1639500
	First TimeStamp: 00:00:01.000
	Last TimeStamp: 00:00:15.366


 (ixia_helpers.py:654)
2020-10-21 08:12:13 [    INFO] 
Row:0  TxPort:10GE LAN - 001  RxPort:10GE LAN - 002  TxFrames:2298536  RxFrames:2298536
 (ixia_helpers.py:654)
2020-10-21 08:12:13 [    INFO] 发送interface up命令 (ixia_helpers.py:654)
2020-10-21 08:12:13 [    INFO] 连接DUT进行配置 (ixia_helpers.py:654)
2020-10-21 08:12:13 [    INFO] Connected (version 2.0, client OpenSSH_7.9p1) (transport.py:1572)
2020-10-21 08:12:14 [    INFO] Authentication (password) successful! (transport.py:1572)
2020-10-21 08:12:18 [    INFO] DUT配置完成 (ixia_helpers.py:654)
PASSED                                                                   [ 20%]
------------------------------ live log teardown -------------------------------
2020-10-21 08:12:31 [    INFO] Add end marker into DUT syslog (__init__.py:25)

ixia/test_ixia_demo_ecmp.py::test_ixia_demo_ecmp[5-20] 
-------------------------------- live log setup --------------------------------
2020-10-21 08:12:33 [    INFO] Add start marker into DUT syslog (__init__.py:14)
2020-10-21 08:12:34 [ WARNING] Verification of certificates is disabled (connection.py:242)
2020-10-21 08:12:34 [    INFO] The package will automatically determine the test tool platform and rest_port using the 10.36.78.241 address. (connection.py:239)
2020-10-21 08:12:34 [ WARNING] Unable to connect to test tool at http://10.36.78.241:443. (connection.py:242)
2020-10-21 08:12:34 [    INFO] Connection established to `https://10.36.78.241:443 on linux` (connection.py:239)
2020-10-21 08:12:44 [    INFO] using IxNetwork api server version 9.10.2007.7 (connection.py:239)
-------------------------------- live log call ---------------------------------
2020-10-21 08:12:45 [    INFO] 获取拓扑连接信息。 (ixia_helpers.py:654)
2020-10-21 08:12:45 [    INFO] 创建 Ixia Session IP。 (ixia_helpers.py:654)
2020-10-21 08:12:45 [    INFO] 加载配置文件。 (ixia_helpers.py:654)
2020-10-21 08:12:47 [    INFO] 配置License server信息。 (ixia_helpers.py:654)
2020-10-21 08:12:50 [    INFO] 连接机框，开始抢占端口[[u'10.36.78.8', '1', '1'], [u'10.36.78.8', '1', '3']] (ixia_helpers.py:654)
2020-10-21 08:12:51 [    INFO] 连接机框 10.36.78.8，开始抢占端口1/1 (ixia_helpers.py:654)
2020-10-21 08:12:51 [    INFO] 连接机框 10.36.78.8，开始抢占端口1/3 (ixia_helpers.py:654)
2020-10-21 08:13:30 [    INFO] 测试仪开启ARP应答，主动发送ARP请求。 (ixia_helpers.py:654)
2020-10-21 08:13:30 [    INFO] 建立BGP邻居关系, 发布BGP路由 (ixia_helpers.py:654)
2020-10-21 08:13:34 [    INFO] 等待协议建立完成，检查协议状态和数量是否正确。 (ixia_helpers.py:654)
2020-10-21 08:13:50 [    INFO] 

BGP STATS: Row:0  View:BGP Peer Per Port  Sampled:2020-10-21 08:13:50.064301 UTC
	Port: 10GE LAN - 001
	Sessions Up: 1
	Sessions Down: 0
	Sessions Not Started: 0
	Sessions Total: 1
	Sessions Configured: 1
	Sessions Established: 1
	Session Flap Count: 0
	Idle State Count: 0
	Connect State Count: 0
	Active State Count: 0
	OpenSent State Count: 0
	OpenConfirm State Count: 0
	Established State Count: 1
	Routes Advertised: 1000
	Routes Withdrawn: 0
	Messages Tx: 6
	Messages Rx: 7
	Updates Tx: 1
	Updates Rx: 3
	Routes Rx: 2001
	Route Withdraws Rx: 0
	Opens Tx: 1
	Opens Rx: 1
	KeepAlives Tx: 4
	KeepAlives Rx: 3
	Notifications Tx: 0
	Notifications Rx: 0
	Hold Timer Expireds Tx: 0
	Hold Timer Expireds Rx: 0
	Graceful Restarts Attempted: 0
	Graceful Restarts Failed: 0
	Routes Rx Graceful Restart: 0
	End of RIB Rx: 0
Row:1  View:BGP Peer Per Port  Sampled:2020-10-21 08:13:50.064301 UTC
	Port: 10GE LAN - 002
	Sessions Up: 16
	Sessions Down: 0
	Sessions Not Started: 0
	Sessions Total: 16
	Sessions Configured: 16
	Sessions Established: 16
	Session Flap Count: 0
	Idle State Count: 0
	Connect State Count: 0
	Active State Count: 0
	OpenSent State Count: 0
	OpenConfirm State Count: 0
	Established State Count: 16
	Routes Advertised: 16000
	Routes Withdrawn: 0
	Messages Tx: 98
	Messages Rx: 114
	Updates Tx: 16
	Updates Rx: 48
	Routes Rx: 32016
	Route Withdraws Rx: 0
	Opens Tx: 16
	Opens Rx: 16
	KeepAlives Tx: 66
	KeepAlives Rx: 50
	Notifications Tx: 0
	Notifications Rx: 0
	Hold Timer Expireds Tx: 0
	Hold Timer Expireds Rx: 0
	Graceful Restarts Attempted: 0
	Graceful Restarts Failed: 0
	Routes Rx Graceful Restart: 0
	End of RIB Rx: 0


 (ixia_helpers.py:654)
2020-10-21 08:13:51 [    INFO] 

nProtocol STATS: Row:0  View:Protocols Summary  Sampled:2020-10-21 08:13:51.804476 UTC
	Protocol Type: BGP Peer
	Sessions Up: 17
	Sessions Down: 0
	Sessions Not Started: 0
	Sessions Total: 17
	Average Setup Rate: N/A
	Average Teardown Rate: N/A


 (ixia_helpers.py:654)
2020-10-21 08:13:51 [    INFO] 

nProtocol STATS: Row:1  View:Protocols Summary  Sampled:2020-10-21 08:13:51.804476 UTC
	Protocol Type: IPv4
	Sessions Up: 17
	Sessions Down: 0
	Sessions Not Started: 0
	Sessions Total: 17
	Average Setup Rate: N/A
	Average Teardown Rate: N/A


 (ixia_helpers.py:654)
2020-10-21 08:13:51 [    INFO] 所有BGP Peer已经全部到达Established状态 (ixia_helpers.py:654)
2020-10-21 08:13:51 [    INFO] Ixia测试仪表下发流量配置，发送路由验证流量。 (ixia_helpers.py:654)
2020-10-21 08:14:15 [    INFO] 发送interface down命令 (ixia_helpers.py:654)
2020-10-21 08:14:15 [    INFO] 连接DUT进行配置 (ixia_helpers.py:654)
2020-10-21 08:14:15 [    INFO] Connected (version 2.0, client OpenSSH_7.9p1) (transport.py:1572)
2020-10-21 08:14:15 [    INFO] Authentication (password) successful! (transport.py:1572)
2020-10-21 08:14:19 [    INFO] DUT配置完成 (ixia_helpers.py:654)
2020-10-21 08:14:19 [    INFO] 已经向fanout交换机发送interface down命令 (ixia_helpers.py:654)
2020-10-21 08:14:29 [    INFO] Ixia测试仪表停止流量。 (ixia_helpers.py:654)
2020-10-21 08:14:38 [    INFO] Ixia测试仪表根据需求按照Flow统计方式定制统计结果。 (ixia_helpers.py:654)
2020-10-21 08:14:40 [    INFO] 

STATS: Row:0  View:Flow Statistics  Sampled:2020-10-21 08:14:40.868705 UTC
	Tx Port: 10GE LAN - 001
	Rx Port: 10GE LAN - 002
	Traffic Item: Traffic Item
	VLAN:VLAN-ID: 1681
	Tx Frames: 4551020
	Rx Frames: 4550332
	Frames Delta: 688
	Loss %: 0.015
	Packet Loss Duration (ms): 4.300
	Tx Frame Rate: 0.000
	Rx Frame Rate: 0.000
	Tx L1 Rate (bps): 0.000
	Rx L1 Rate (bps): 0.000
	Rx Bytes: 409529880
	Tx Rate (Bps): 0.000
	Rx Rate (Bps): 0.000
	Tx Rate (bps): 0.000
	Rx Rate (bps): 0.000
	Tx Rate (Kbps): 0.000
	Rx Rate (Kbps): 0.000
	Tx Rate (Mbps): 0.000
	Rx Rate (Mbps): 0.000
	Store-Forward Avg Latency (ns): 49698
	Store-Forward Min Latency (ns): 0
	Store-Forward Max Latency (ns): 9894400
	First TimeStamp: 00:00:02.001
	Last TimeStamp: 00:00:30.445


 (ixia_helpers.py:654)
2020-10-21 08:14:40 [    INFO] 
Row:0  TxPort:10GE LAN - 001  RxPort:10GE LAN - 002  TxFrames:4551020  RxFrames:4550332 Packet Loss Duration (ms):4.300
 (ixia_helpers.py:654)
2020-10-21 08:14:40 [    INFO] Packet Loss Duration (ms)：4.300 (test_ixia_demo_ecmp.py:117)
2020-10-21 08:15:15 [    INFO] 统计流量数据。 (ixia_helpers.py:654)
2020-10-21 08:15:16 [    INFO] 

STATS: Row:0  View:Flow Statistics  Sampled:2020-10-21 08:15:16.980276 UTC
	Tx Port: 10GE LAN - 001
	Rx Port: 10GE LAN - 002
	Traffic Item: Traffic Item
	VLAN:VLAN-ID: 1681
	Tx Frames: 2193415
	Rx Frames: 2193415
	Frames Delta: 0
	Loss %: 0.000
	Packet Loss Duration (ms): 0.000
	Tx Frame Rate: 0.000
	Rx Frame Rate: 0.000
	Tx L1 Rate (bps): 0.000
	Rx L1 Rate (bps): 0.000
	Rx Bytes: 197407350
	Tx Rate (Bps): 0.000
	Rx Rate (Bps): 0.000
	Tx Rate (bps): 0.000
	Rx Rate (bps): 0.000
	Tx Rate (Kbps): 0.000
	Rx Rate (Kbps): 0.000
	Tx Rate (Mbps): 0.000
	Rx Rate (Mbps): 0.000
	Store-Forward Avg Latency (ns): 45272
	Store-Forward Min Latency (ns): 0
	Store-Forward Max Latency (ns): 6861260
	First TimeStamp: 00:00:02.001
	Last TimeStamp: 00:00:15.710


 (ixia_helpers.py:654)
2020-10-21 08:15:16 [    INFO] 
Row:0  TxPort:10GE LAN - 001  RxPort:10GE LAN - 002  TxFrames:2193415  RxFrames:2193415
 (ixia_helpers.py:654)
2020-10-21 08:15:17 [    INFO] 发送interface up命令 (ixia_helpers.py:654)
2020-10-21 08:15:17 [    INFO] 连接DUT进行配置 (ixia_helpers.py:654)
2020-10-21 08:15:17 [    INFO] Connected (version 2.0, client OpenSSH_7.9p1) (transport.py:1572)
2020-10-21 08:15:17 [    INFO] Authentication (password) successful! (transport.py:1572)
2020-10-21 08:15:21 [    INFO] DUT配置完成 (ixia_helpers.py:654)
PASSED                                                                   [ 25%]
------------------------------ live log teardown -------------------------------
2020-10-21 08:15:34 [    INFO] Add end marker into DUT syslog (__init__.py:25)

ixia/test_ixia_demo_ecmp.py::test_ixia_demo_ecmp[6-20] 
-------------------------------- live log setup --------------------------------
2020-10-21 08:15:36 [    INFO] Add start marker into DUT syslog (__init__.py:14)
2020-10-21 08:15:38 [ WARNING] Verification of certificates is disabled (connection.py:242)
2020-10-21 08:15:38 [    INFO] The package will automatically determine the test tool platform and rest_port using the 10.36.78.241 address. (connection.py:239)
2020-10-21 08:15:38 [ WARNING] Unable to connect to test tool at http://10.36.78.241:443. (connection.py:242)
2020-10-21 08:15:38 [    INFO] Connection established to `https://10.36.78.241:443 on linux` (connection.py:239)
2020-10-21 08:15:48 [    INFO] using IxNetwork api server version 9.10.2007.7 (connection.py:239)
-------------------------------- live log call ---------------------------------
2020-10-21 08:15:49 [    INFO] 获取拓扑连接信息。 (ixia_helpers.py:654)
2020-10-21 08:15:49 [    INFO] 创建 Ixia Session IP。 (ixia_helpers.py:654)
2020-10-21 08:15:49 [    INFO] 加载配置文件。 (ixia_helpers.py:654)
2020-10-21 08:15:51 [    INFO] 配置License server信息。 (ixia_helpers.py:654)
2020-10-21 08:15:54 [    INFO] 连接机框，开始抢占端口[[u'10.36.78.8', '1', '1'], [u'10.36.78.8', '1', '3']] (ixia_helpers.py:654)
2020-10-21 08:15:54 [    INFO] 连接机框 10.36.78.8，开始抢占端口1/1 (ixia_helpers.py:654)
2020-10-21 08:15:55 [    INFO] 连接机框 10.36.78.8，开始抢占端口1/3 (ixia_helpers.py:654)
2020-10-21 08:16:33 [    INFO] 测试仪开启ARP应答，主动发送ARP请求。 (ixia_helpers.py:654)
2020-10-21 08:16:33 [    INFO] 建立BGP邻居关系, 发布BGP路由 (ixia_helpers.py:654)
2020-10-21 08:16:37 [    INFO] 等待协议建立完成，检查协议状态和数量是否正确。 (ixia_helpers.py:654)
2020-10-21 08:16:52 [    INFO] 

BGP STATS: Row:0  View:BGP Peer Per Port  Sampled:2020-10-21 08:16:52.872194 UTC
	Port: 10GE LAN - 001
	Sessions Up: 1
	Sessions Down: 0
	Sessions Not Started: 0
	Sessions Total: 1
	Sessions Configured: 1
	Sessions Established: 1
	Session Flap Count: 0
	Idle State Count: 0
	Connect State Count: 0
	Active State Count: 0
	OpenSent State Count: 0
	OpenConfirm State Count: 0
	Established State Count: 1
	Routes Advertised: 1000
	Routes Withdrawn: 0
	Messages Tx: 5
	Messages Rx: 6
	Updates Tx: 1
	Updates Rx: 3
	Routes Rx: 2001
	Route Withdraws Rx: 0
	Opens Tx: 1
	Opens Rx: 1
	KeepAlives Tx: 3
	KeepAlives Rx: 2
	Notifications Tx: 0
	Notifications Rx: 0
	Hold Timer Expireds Tx: 0
	Hold Timer Expireds Rx: 0
	Graceful Restarts Attempted: 0
	Graceful Restarts Failed: 0
	Routes Rx Graceful Restart: 0
	End of RIB Rx: 0
Row:1  View:BGP Peer Per Port  Sampled:2020-10-21 08:16:52.872194 UTC
	Port: 10GE LAN - 002
	Sessions Up: 16
	Sessions Down: 0
	Sessions Not Started: 0
	Sessions Total: 16
	Sessions Configured: 16
	Sessions Established: 16
	Session Flap Count: 0
	Idle State Count: 0
	Connect State Count: 0
	Active State Count: 0
	OpenSent State Count: 0
	OpenConfirm State Count: 0
	Established State Count: 16
	Routes Advertised: 16000
	Routes Withdrawn: 0
	Messages Tx: 97
	Messages Rx: 113
	Updates Tx: 16
	Updates Rx: 48
	Routes Rx: 32016
	Route Withdraws Rx: 0
	Opens Tx: 16
	Opens Rx: 16
	KeepAlives Tx: 65
	KeepAlives Rx: 49
	Notifications Tx: 0
	Notifications Rx: 0
	Hold Timer Expireds Tx: 0
	Hold Timer Expireds Rx: 0
	Graceful Restarts Attempted: 0
	Graceful Restarts Failed: 0
	Routes Rx Graceful Restart: 0
	End of RIB Rx: 0


 (ixia_helpers.py:654)
2020-10-21 08:16:54 [    INFO] 

nProtocol STATS: Row:0  View:Protocols Summary  Sampled:2020-10-21 08:16:54.535908 UTC
	Protocol Type: BGP Peer
	Sessions Up: 17
	Sessions Down: 0
	Sessions Not Started: 0
	Sessions Total: 17
	Average Setup Rate: N/A
	Average Teardown Rate: N/A


 (ixia_helpers.py:654)
2020-10-21 08:16:54 [    INFO] 

nProtocol STATS: Row:1  View:Protocols Summary  Sampled:2020-10-21 08:16:54.535908 UTC
	Protocol Type: IPv4
	Sessions Up: 17
	Sessions Down: 0
	Sessions Not Started: 0
	Sessions Total: 17
	Average Setup Rate: N/A
	Average Teardown Rate: N/A


 (ixia_helpers.py:654)
2020-10-21 08:16:54 [    INFO] 所有BGP Peer已经全部到达Established状态 (ixia_helpers.py:654)
2020-10-21 08:16:54 [    INFO] Ixia测试仪表下发流量配置，发送路由验证流量。 (ixia_helpers.py:654)
2020-10-21 08:17:18 [    INFO] 发送interface down命令 (ixia_helpers.py:654)
2020-10-21 08:17:18 [    INFO] 连接DUT进行配置 (ixia_helpers.py:654)
2020-10-21 08:17:18 [    INFO] Connected (version 2.0, client OpenSSH_7.9p1) (transport.py:1572)
2020-10-21 08:17:18 [    INFO] Authentication (password) successful! (transport.py:1572)
2020-10-21 08:17:22 [    INFO] DUT配置完成 (ixia_helpers.py:654)
2020-10-21 08:17:22 [    INFO] 已经向fanout交换机发送interface down命令 (ixia_helpers.py:654)
2020-10-21 08:17:32 [    INFO] Ixia测试仪表停止流量。 (ixia_helpers.py:654)
2020-10-21 08:17:41 [    INFO] Ixia测试仪表根据需求按照Flow统计方式定制统计结果。 (ixia_helpers.py:654)
2020-10-21 08:17:43 [    INFO] 

STATS: Row:0  View:Flow Statistics  Sampled:2020-10-21 08:17:43.745654 UTC
	Tx Port: 10GE LAN - 001
	Rx Port: 10GE LAN - 002
	Traffic Item: Traffic Item
	VLAN:VLAN-ID: 1681
	Tx Frames: 4532783
	Rx Frames: 4530898
	Frames Delta: 1885
	Loss %: 0.042
	Packet Loss Duration (ms): 11.781
	Tx Frame Rate: 0.000
	Rx Frame Rate: 0.000
	Tx L1 Rate (bps): 0.000
	Rx L1 Rate (bps): 0.000
	Rx Bytes: 407780820
	Tx Rate (Bps): 0.000
	Rx Rate (Bps): 0.000
	Tx Rate (bps): 0.000
	Rx Rate (bps): 0.000
	Tx Rate (Kbps): 0.000
	Rx Rate (Kbps): 0.000
	Tx Rate (Mbps): 0.000
	Rx Rate (Mbps): 0.000
	Store-Forward Avg Latency (ns): 48766
	Store-Forward Min Latency (ns): 0
	Store-Forward Max Latency (ns): 9130720
	First TimeStamp: 00:00:02.000
	Last TimeStamp: 00:00:30.330


 (ixia_helpers.py:654)
2020-10-21 08:17:43 [    INFO] 
Row:0  TxPort:10GE LAN - 001  RxPort:10GE LAN - 002  TxFrames:4532783  RxFrames:4530898 Packet Loss Duration (ms):11.781
 (ixia_helpers.py:654)
2020-10-21 08:17:43 [    INFO] Packet Loss Duration (ms)：11.781 (test_ixia_demo_ecmp.py:117)
2020-10-21 08:18:17 [    INFO] 统计流量数据。 (ixia_helpers.py:654)
2020-10-21 08:18:19 [    INFO] 

STATS: Row:0  View:Flow Statistics  Sampled:2020-10-21 08:18:19.859538 UTC
	Tx Port: 10GE LAN - 001
	Rx Port: 10GE LAN - 002
	Traffic Item: Traffic Item
	VLAN:VLAN-ID: 1681
	Tx Frames: 2333752
	Rx Frames: 2333752
	Frames Delta: 0
	Loss %: 0.000
	Packet Loss Duration (ms): 0.000
	Tx Frame Rate: 0.000
	Rx Frame Rate: 0.000
	Tx L1 Rate (bps): 0.000
	Rx L1 Rate (bps): 0.000
	Rx Bytes: 210037680
	Tx Rate (Bps): 0.000
	Rx Rate (Bps): 0.000
	Tx Rate (bps): 0.000
	Rx Rate (bps): 0.000
	Tx Rate (Kbps): 0.000
	Rx Rate (Kbps): 0.000
	Tx Rate (Mbps): 0.000
	Rx Rate (Mbps): 0.000
	Store-Forward Avg Latency (ns): 53752
	Store-Forward Min Latency (ns): 0
	Store-Forward Max Latency (ns): 6609560
	First TimeStamp: 00:00:01.000
	Last TimeStamp: 00:00:15.586


 (ixia_helpers.py:654)
2020-10-21 08:18:19 [    INFO] 
Row:0  TxPort:10GE LAN - 001  RxPort:10GE LAN - 002  TxFrames:2333752  RxFrames:2333752
 (ixia_helpers.py:654)
2020-10-21 08:18:19 [    INFO] 发送interface up命令 (ixia_helpers.py:654)
2020-10-21 08:18:19 [    INFO] 连接DUT进行配置 (ixia_helpers.py:654)
2020-10-21 08:18:19 [    INFO] Connected (version 2.0, client OpenSSH_7.9p1) (transport.py:1572)
2020-10-21 08:18:20 [    INFO] Authentication (password) successful! (transport.py:1572)
2020-10-21 08:18:24 [    INFO] DUT配置完成 (ixia_helpers.py:654)
PASSED                                                                   [ 30%]
------------------------------ live log teardown -------------------------------
2020-10-21 08:18:37 [    INFO] Add end marker into DUT syslog (__init__.py:25)

ixia/test_ixia_demo_ecmp.py::test_ixia_demo_ecmp[7-20] 
-------------------------------- live log setup --------------------------------
2020-10-21 08:18:39 [    INFO] Add start marker into DUT syslog (__init__.py:14)
2020-10-21 08:18:40 [ WARNING] Verification of certificates is disabled (connection.py:242)
2020-10-21 08:18:40 [    INFO] The package will automatically determine the test tool platform and rest_port using the 10.36.78.241 address. (connection.py:239)
2020-10-21 08:18:40 [ WARNING] Unable to connect to test tool at http://10.36.78.241:443. (connection.py:242)
2020-10-21 08:18:40 [    INFO] Connection established to `https://10.36.78.241:443 on linux` (connection.py:239)
2020-10-21 08:18:50 [    INFO] using IxNetwork api server version 9.10.2007.7 (connection.py:239)
-------------------------------- live log call ---------------------------------
2020-10-21 08:18:51 [    INFO] 获取拓扑连接信息。 (ixia_helpers.py:654)
2020-10-21 08:18:51 [    INFO] 创建 Ixia Session IP。 (ixia_helpers.py:654)
2020-10-21 08:18:51 [    INFO] 加载配置文件。 (ixia_helpers.py:654)
2020-10-21 08:18:53 [    INFO] 配置License server信息。 (ixia_helpers.py:654)
2020-10-21 08:18:56 [    INFO] 连接机框，开始抢占端口[[u'10.36.78.8', '1', '1'], [u'10.36.78.8', '1', '3']] (ixia_helpers.py:654)
2020-10-21 08:18:57 [    INFO] 连接机框 10.36.78.8，开始抢占端口1/1 (ixia_helpers.py:654)
2020-10-21 08:18:57 [    INFO] 连接机框 10.36.78.8，开始抢占端口1/3 (ixia_helpers.py:654)
2020-10-21 08:19:36 [    INFO] 测试仪开启ARP应答，主动发送ARP请求。 (ixia_helpers.py:654)
2020-10-21 08:19:36 [    INFO] 建立BGP邻居关系, 发布BGP路由 (ixia_helpers.py:654)
2020-10-21 08:19:40 [    INFO] 等待协议建立完成，检查协议状态和数量是否正确。 (ixia_helpers.py:654)
2020-10-21 08:19:55 [    INFO] 

BGP STATS: Row:0  View:BGP Peer Per Port  Sampled:2020-10-21 08:19:55.911685 UTC
	Port: 10GE LAN - 001
	Sessions Up: 1
	Sessions Down: 0
	Sessions Not Started: 0
	Sessions Total: 1
	Sessions Configured: 1
	Sessions Established: 1
	Session Flap Count: 0
	Idle State Count: 0
	Connect State Count: 0
	Active State Count: 0
	OpenSent State Count: 0
	OpenConfirm State Count: 0
	Established State Count: 1
	Routes Advertised: 1000
	Routes Withdrawn: 0
	Messages Tx: 7
	Messages Rx: 8
	Updates Tx: 1
	Updates Rx: 3
	Routes Rx: 2001
	Route Withdraws Rx: 0
	Opens Tx: 1
	Opens Rx: 1
	KeepAlives Tx: 5
	KeepAlives Rx: 4
	Notifications Tx: 0
	Notifications Rx: 0
	Hold Timer Expireds Tx: 0
	Hold Timer Expireds Rx: 0
	Graceful Restarts Attempted: 0
	Graceful Restarts Failed: 0
	Routes Rx Graceful Restart: 0
	End of RIB Rx: 0
Row:1  View:BGP Peer Per Port  Sampled:2020-10-21 08:19:55.911685 UTC
	Port: 10GE LAN - 002
	Sessions Up: 16
	Sessions Down: 0
	Sessions Not Started: 0
	Sessions Total: 16
	Sessions Configured: 16
	Sessions Established: 16
	Session Flap Count: 0
	Idle State Count: 0
	Connect State Count: 0
	Active State Count: 0
	OpenSent State Count: 0
	OpenConfirm State Count: 0
	Established State Count: 16
	Routes Advertised: 16000
	Routes Withdrawn: 0
	Messages Tx: 97
	Messages Rx: 113
	Updates Tx: 16
	Updates Rx: 48
	Routes Rx: 32016
	Route Withdraws Rx: 0
	Opens Tx: 16
	Opens Rx: 16
	KeepAlives Tx: 65
	KeepAlives Rx: 49
	Notifications Tx: 0
	Notifications Rx: 0
	Hold Timer Expireds Tx: 0
	Hold Timer Expireds Rx: 0
	Graceful Restarts Attempted: 0
	Graceful Restarts Failed: 0
	Routes Rx Graceful Restart: 0
	End of RIB Rx: 0


 (ixia_helpers.py:654)
2020-10-21 08:19:57 [    INFO] 

nProtocol STATS: Row:0  View:Protocols Summary  Sampled:2020-10-21 08:19:57.619390 UTC
	Protocol Type: BGP Peer
	Sessions Up: 17
	Sessions Down: 0
	Sessions Not Started: 0
	Sessions Total: 17
	Average Setup Rate: N/A
	Average Teardown Rate: N/A


 (ixia_helpers.py:654)
2020-10-21 08:19:57 [    INFO] 

nProtocol STATS: Row:1  View:Protocols Summary  Sampled:2020-10-21 08:19:57.619390 UTC
	Protocol Type: IPv4
	Sessions Up: 17
	Sessions Down: 0
	Sessions Not Started: 0
	Sessions Total: 17
	Average Setup Rate: N/A
	Average Teardown Rate: N/A


 (ixia_helpers.py:654)
2020-10-21 08:19:57 [    INFO] 所有BGP Peer已经全部到达Established状态 (ixia_helpers.py:654)
2020-10-21 08:19:57 [    INFO] Ixia测试仪表下发流量配置，发送路由验证流量。 (ixia_helpers.py:654)
2020-10-21 08:20:20 [    INFO] 发送interface down命令 (ixia_helpers.py:654)
2020-10-21 08:20:20 [    INFO] 连接DUT进行配置 (ixia_helpers.py:654)
2020-10-21 08:20:21 [    INFO] Connected (version 2.0, client OpenSSH_7.9p1) (transport.py:1572)
2020-10-21 08:20:21 [    INFO] Authentication (password) successful! (transport.py:1572)
2020-10-21 08:20:25 [    INFO] DUT配置完成 (ixia_helpers.py:654)
2020-10-21 08:20:25 [    INFO] 已经向fanout交换机发送interface down命令 (ixia_helpers.py:654)
2020-10-21 08:20:35 [    INFO] Ixia测试仪表停止流量。 (ixia_helpers.py:654)
2020-10-21 08:20:44 [    INFO] Ixia测试仪表根据需求按照Flow统计方式定制统计结果。 (ixia_helpers.py:654)
2020-10-21 08:20:46 [    INFO] 

STATS: Row:0  View:Flow Statistics  Sampled:2020-10-21 08:20:46.692904 UTC
	Tx Port: 10GE LAN - 001
	Rx Port: 10GE LAN - 002
	Traffic Item: Traffic Item
	VLAN:VLAN-ID: 1681
	Tx Frames: 4530234
	Rx Frames: 4527733
	Frames Delta: 2501
	Loss %: 0.055
	Packet Loss Duration (ms): 15.631
	Tx Frame Rate: 0.000
	Rx Frame Rate: 0.000
	Tx L1 Rate (bps): 0.000
	Rx L1 Rate (bps): 0.000
	Rx Bytes: 407495970
	Tx Rate (Bps): 0.000
	Rx Rate (Bps): 0.000
	Tx Rate (bps): 0.000
	Rx Rate (bps): 0.000
	Tx Rate (Kbps): 0.000
	Rx Rate (Kbps): 0.000
	Tx Rate (Mbps): 0.000
	Rx Rate (Mbps): 0.000
	Store-Forward Avg Latency (ns): 47985
	Store-Forward Min Latency (ns): 0
	Store-Forward Max Latency (ns): 12266000
	First TimeStamp: 00:00:02.001
	Last TimeStamp: 00:00:30.315


 (ixia_helpers.py:654)
2020-10-21 08:20:46 [    INFO] 
Row:0  TxPort:10GE LAN - 001  RxPort:10GE LAN - 002  TxFrames:4530234  RxFrames:4527733 Packet Loss Duration (ms):15.631
 (ixia_helpers.py:654)
2020-10-21 08:20:46 [    INFO] Packet Loss Duration (ms)：15.631 (test_ixia_demo_ecmp.py:117)
2020-10-21 08:21:19 [    INFO] 统计流量数据。 (ixia_helpers.py:654)
2020-10-21 08:21:21 [    INFO] 

STATS: Row:0  View:Flow Statistics  Sampled:2020-10-21 08:21:21.790535 UTC
	Tx Port: 10GE LAN - 001
	Rx Port: 10GE LAN - 002
	Traffic Item: Traffic Item
	VLAN:VLAN-ID: 1681
	Tx Frames: 2148636
	Rx Frames: 2148636
	Frames Delta: 0
	Loss %: 0.000
	Packet Loss Duration (ms): 0.000
	Tx Frame Rate: 0.000
	Rx Frame Rate: 0.000
	Tx L1 Rate (bps): 0.000
	Rx L1 Rate (bps): 0.000
	Rx Bytes: 193377240
	Tx Rate (Bps): 0.000
	Rx Rate (Bps): 0.000
	Tx Rate (bps): 0.000
	Rx Rate (bps): 0.000
	Tx Rate (Kbps): 0.000
	Rx Rate (Kbps): 0.000
	Tx Rate (Mbps): 0.000
	Rx Rate (Mbps): 0.000
	Store-Forward Avg Latency (ns): 50351
	Store-Forward Min Latency (ns): 0
	Store-Forward Max Latency (ns): 8740840
	First TimeStamp: 00:00:01.025
	Last TimeStamp: 00:00:14.454


 (ixia_helpers.py:654)
2020-10-21 08:21:21 [    INFO] 
Row:0  TxPort:10GE LAN - 001  RxPort:10GE LAN - 002  TxFrames:2148636  RxFrames:2148636
 (ixia_helpers.py:654)
2020-10-21 08:21:21 [    INFO] 发送interface up命令 (ixia_helpers.py:654)
2020-10-21 08:21:21 [    INFO] 连接DUT进行配置 (ixia_helpers.py:654)
2020-10-21 08:21:21 [    INFO] Connected (version 2.0, client OpenSSH_7.9p1) (transport.py:1572)
2020-10-21 08:21:22 [    INFO] Authentication (password) successful! (transport.py:1572)
2020-10-21 08:21:26 [    INFO] DUT配置完成 (ixia_helpers.py:654)
PASSED                                                                   [ 35%]
------------------------------ live log teardown -------------------------------
2020-10-21 08:21:39 [    INFO] Add end marker into DUT syslog (__init__.py:25)

ixia/test_ixia_demo_ecmp.py::test_ixia_demo_ecmp[8-20] 
-------------------------------- live log setup --------------------------------
2020-10-21 08:21:41 [    INFO] Add start marker into DUT syslog (__init__.py:14)
2020-10-21 08:21:43 [ WARNING] Verification of certificates is disabled (connection.py:242)
2020-10-21 08:21:43 [    INFO] The package will automatically determine the test tool platform and rest_port using the 10.36.78.241 address. (connection.py:239)
2020-10-21 08:21:43 [ WARNING] Unable to connect to test tool at http://10.36.78.241:443. (connection.py:242)
2020-10-21 08:21:43 [    INFO] Connection established to `https://10.36.78.241:443 on linux` (connection.py:239)
2020-10-21 08:21:53 [    INFO] using IxNetwork api server version 9.10.2007.7 (connection.py:239)
-------------------------------- live log call ---------------------------------
2020-10-21 08:21:54 [    INFO] 获取拓扑连接信息。 (ixia_helpers.py:654)
2020-10-21 08:21:54 [    INFO] 创建 Ixia Session IP。 (ixia_helpers.py:654)
2020-10-21 08:21:54 [    INFO] 加载配置文件。 (ixia_helpers.py:654)
2020-10-21 08:21:56 [    INFO] 配置License server信息。 (ixia_helpers.py:654)
2020-10-21 08:21:59 [    INFO] 连接机框，开始抢占端口[[u'10.36.78.8', '1', '1'], [u'10.36.78.8', '1', '3']] (ixia_helpers.py:654)
2020-10-21 08:22:00 [    INFO] 连接机框 10.36.78.8，开始抢占端口1/1 (ixia_helpers.py:654)
2020-10-21 08:22:00 [    INFO] 连接机框 10.36.78.8，开始抢占端口1/3 (ixia_helpers.py:654)
2020-10-21 08:22:39 [    INFO] 测试仪开启ARP应答，主动发送ARP请求。 (ixia_helpers.py:654)
2020-10-21 08:22:39 [    INFO] 建立BGP邻居关系, 发布BGP路由 (ixia_helpers.py:654)
2020-10-21 08:22:43 [    INFO] 等待协议建立完成，检查协议状态和数量是否正确。 (ixia_helpers.py:654)
2020-10-21 08:22:59 [    INFO] 

BGP STATS: Row:0  View:BGP Peer Per Port  Sampled:2020-10-21 08:22:59.237887 UTC
	Port: 10GE LAN - 001
	Sessions Up: 1
	Sessions Down: 0
	Sessions Not Started: 0
	Sessions Total: 1
	Sessions Configured: 1
	Sessions Established: 1
	Session Flap Count: 0
	Idle State Count: 0
	Connect State Count: 0
	Active State Count: 0
	OpenSent State Count: 0
	OpenConfirm State Count: 0
	Established State Count: 1
	Routes Advertised: 1000
	Routes Withdrawn: 0
	Messages Tx: 7
	Messages Rx: 8
	Updates Tx: 1
	Updates Rx: 3
	Routes Rx: 2001
	Route Withdraws Rx: 0
	Opens Tx: 1
	Opens Rx: 1
	KeepAlives Tx: 5
	KeepAlives Rx: 4
	Notifications Tx: 0
	Notifications Rx: 0
	Hold Timer Expireds Tx: 0
	Hold Timer Expireds Rx: 0
	Graceful Restarts Attempted: 0
	Graceful Restarts Failed: 0
	Routes Rx Graceful Restart: 0
	End of RIB Rx: 0
Row:1  View:BGP Peer Per Port  Sampled:2020-10-21 08:22:59.237887 UTC
	Port: 10GE LAN - 002
	Sessions Up: 16
	Sessions Down: 0
	Sessions Not Started: 0
	Sessions Total: 16
	Sessions Configured: 16
	Sessions Established: 16
	Session Flap Count: 0
	Idle State Count: 0
	Connect State Count: 0
	Active State Count: 0
	OpenSent State Count: 0
	OpenConfirm State Count: 0
	Established State Count: 16
	Routes Advertised: 16000
	Routes Withdrawn: 0
	Messages Tx: 97
	Messages Rx: 113
	Updates Tx: 16
	Updates Rx: 48
	Routes Rx: 32016
	Route Withdraws Rx: 0
	Opens Tx: 16
	Opens Rx: 16
	KeepAlives Tx: 65
	KeepAlives Rx: 49
	Notifications Tx: 0
	Notifications Rx: 0
	Hold Timer Expireds Tx: 0
	Hold Timer Expireds Rx: 0
	Graceful Restarts Attempted: 0
	Graceful Restarts Failed: 0
	Routes Rx Graceful Restart: 0
	End of RIB Rx: 0


 (ixia_helpers.py:654)
2020-10-21 08:23:00 [    INFO] 

nProtocol STATS: Row:0  View:Protocols Summary  Sampled:2020-10-21 08:23:00.949192 UTC
	Protocol Type: BGP Peer
	Sessions Up: 17
	Sessions Down: 0
	Sessions Not Started: 0
	Sessions Total: 17
	Average Setup Rate: N/A
	Average Teardown Rate: N/A


 (ixia_helpers.py:654)
2020-10-21 08:23:00 [    INFO] 

nProtocol STATS: Row:1  View:Protocols Summary  Sampled:2020-10-21 08:23:00.949192 UTC
	Protocol Type: IPv4
	Sessions Up: 17
	Sessions Down: 0
	Sessions Not Started: 0
	Sessions Total: 17
	Average Setup Rate: N/A
	Average Teardown Rate: N/A


 (ixia_helpers.py:654)
2020-10-21 08:23:00 [    INFO] 所有BGP Peer已经全部到达Established状态 (ixia_helpers.py:654)
2020-10-21 08:23:00 [    INFO] Ixia测试仪表下发流量配置，发送路由验证流量。 (ixia_helpers.py:654)
2020-10-21 08:23:24 [    INFO] 发送interface down命令 (ixia_helpers.py:654)
2020-10-21 08:23:24 [    INFO] 连接DUT进行配置 (ixia_helpers.py:654)
2020-10-21 08:23:24 [    INFO] Connected (version 2.0, client OpenSSH_7.9p1) (transport.py:1572)
2020-10-21 08:23:24 [    INFO] Authentication (password) successful! (transport.py:1572)
2020-10-21 08:23:28 [    INFO] DUT配置完成 (ixia_helpers.py:654)
2020-10-21 08:23:28 [    INFO] 已经向fanout交换机发送interface down命令 (ixia_helpers.py:654)
2020-10-21 08:23:38 [    INFO] Ixia测试仪表停止流量。 (ixia_helpers.py:654)
2020-10-21 08:23:48 [    INFO] Ixia测试仪表根据需求按照Flow统计方式定制统计结果。 (ixia_helpers.py:654)
2020-10-21 08:23:50 [    INFO] 

STATS: Row:0  View:Flow Statistics  Sampled:2020-10-21 08:23:50.129391 UTC
	Tx Port: 10GE LAN - 001
	Rx Port: 10GE LAN - 002
	Traffic Item: Traffic Item
	VLAN:VLAN-ID: 1681
	Tx Frames: 4605754
	Rx Frames: 4605189
	Frames Delta: 565
	Loss %: 0.012
	Packet Loss Duration (ms): 3.531
	Tx Frame Rate: 0.000
	Rx Frame Rate: 0.000
	Tx L1 Rate (bps): 0.000
	Rx L1 Rate (bps): 0.000
	Rx Bytes: 414467010
	Tx Rate (Bps): 0.000
	Rx Rate (Bps): 0.000
	Tx Rate (bps): 0.000
	Rx Rate (bps): 0.000
	Tx Rate (Kbps): 0.000
	Rx Rate (Kbps): 0.000
	Tx Rate (Mbps): 0.000
	Rx Rate (Mbps): 0.000
	Store-Forward Avg Latency (ns): 50541
	Store-Forward Min Latency (ns): 0
	Store-Forward Max Latency (ns): 6453600
	First TimeStamp: 00:00:00.999
	Last TimeStamp: 00:00:29.785


 (ixia_helpers.py:654)
2020-10-21 08:23:50 [    INFO] 
Row:0  TxPort:10GE LAN - 001  RxPort:10GE LAN - 002  TxFrames:4605754  RxFrames:4605189 Packet Loss Duration (ms):3.531
 (ixia_helpers.py:654)
2020-10-21 08:23:50 [    INFO] Packet Loss Duration (ms)：3.531 (test_ixia_demo_ecmp.py:117)
2020-10-21 08:24:24 [    INFO] 统计流量数据。 (ixia_helpers.py:654)
2020-10-21 08:24:26 [    INFO] 

STATS: Row:0  View:Flow Statistics  Sampled:2020-10-21 08:24:26.140387 UTC
	Tx Port: 10GE LAN - 001
	Rx Port: 10GE LAN - 002
	Traffic Item: Traffic Item
	VLAN:VLAN-ID: 1681
	Tx Frames: 2213900
	Rx Frames: 2213900
	Frames Delta: 0
	Loss %: 0.000
	Packet Loss Duration (ms): 0.000
	Tx Frame Rate: 0.000
	Rx Frame Rate: 0.000
	Tx L1 Rate (bps): 0.000
	Rx L1 Rate (bps): 0.000
	Rx Bytes: 199251000
	Tx Rate (Bps): 0.000
	Rx Rate (Bps): 0.000
	Tx Rate (bps): 0.000
	Rx Rate (bps): 0.000
	Tx Rate (Kbps): 0.000
	Rx Rate (Kbps): 0.000
	Tx Rate (Mbps): 0.000
	Rx Rate (Mbps): 0.000
	Store-Forward Avg Latency (ns): 51022
	Store-Forward Min Latency (ns): 0
	Store-Forward Max Latency (ns): 6369100
	First TimeStamp: 00:00:02.001
	Last TimeStamp: 00:00:15.838


 (ixia_helpers.py:654)
2020-10-21 08:24:26 [    INFO] 
Row:0  TxPort:10GE LAN - 001  RxPort:10GE LAN - 002  TxFrames:2213900  RxFrames:2213900
 (ixia_helpers.py:654)
2020-10-21 08:24:26 [    INFO] 发送interface up命令 (ixia_helpers.py:654)
2020-10-21 08:24:26 [    INFO] 连接DUT进行配置 (ixia_helpers.py:654)
2020-10-21 08:24:26 [    INFO] Connected (version 2.0, client OpenSSH_7.9p1) (transport.py:1572)
2020-10-21 08:24:26 [    INFO] Authentication (password) successful! (transport.py:1572)
2020-10-21 08:24:30 [    INFO] DUT配置完成 (ixia_helpers.py:654)
PASSED                                                                   [ 40%]
------------------------------ live log teardown -------------------------------
2020-10-21 08:24:43 [    INFO] Add end marker into DUT syslog (__init__.py:25)

ixia/test_ixia_demo_ecmp.py::test_ixia_demo_ecmp[9-20] 
-------------------------------- live log setup --------------------------------
2020-10-21 08:24:46 [    INFO] Add start marker into DUT syslog (__init__.py:14)
2020-10-21 08:24:46 [ WARNING] Verification of certificates is disabled (connection.py:242)
2020-10-21 08:24:46 [    INFO] The package will automatically determine the test tool platform and rest_port using the 10.36.78.241 address. (connection.py:239)
2020-10-21 08:24:46 [ WARNING] Unable to connect to test tool at http://10.36.78.241:443. (connection.py:242)
2020-10-21 08:24:46 [    INFO] Connection established to `https://10.36.78.241:443 on linux` (connection.py:239)
2020-10-21 08:24:56 [    INFO] using IxNetwork api server version 9.10.2007.7 (connection.py:239)
-------------------------------- live log call ---------------------------------
2020-10-21 08:24:57 [    INFO] 获取拓扑连接信息。 (ixia_helpers.py:654)
2020-10-21 08:24:57 [    INFO] 创建 Ixia Session IP。 (ixia_helpers.py:654)
2020-10-21 08:24:57 [    INFO] 加载配置文件。 (ixia_helpers.py:654)
2020-10-21 08:25:00 [    INFO] 配置License server信息。 (ixia_helpers.py:654)
2020-10-21 08:25:03 [    INFO] 连接机框，开始抢占端口[[u'10.36.78.8', '1', '1'], [u'10.36.78.8', '1', '3']] (ixia_helpers.py:654)
2020-10-21 08:25:03 [    INFO] 连接机框 10.36.78.8，开始抢占端口1/1 (ixia_helpers.py:654)
2020-10-21 08:25:03 [    INFO] 连接机框 10.36.78.8，开始抢占端口1/3 (ixia_helpers.py:654)
2020-10-21 08:25:42 [    INFO] 测试仪开启ARP应答，主动发送ARP请求。 (ixia_helpers.py:654)
2020-10-21 08:25:42 [    INFO] 建立BGP邻居关系, 发布BGP路由 (ixia_helpers.py:654)
2020-10-21 08:25:46 [    INFO] 等待协议建立完成，检查协议状态和数量是否正确。 (ixia_helpers.py:654)
2020-10-21 08:26:02 [    INFO] 

BGP STATS: Row:0  View:BGP Peer Per Port  Sampled:2020-10-21 08:26:02.193154 UTC
	Port: 10GE LAN - 001
	Sessions Up: 1
	Sessions Down: 0
	Sessions Not Started: 0
	Sessions Total: 1
	Sessions Configured: 1
	Sessions Established: 1
	Session Flap Count: 0
	Idle State Count: 0
	Connect State Count: 0
	Active State Count: 0
	OpenSent State Count: 0
	OpenConfirm State Count: 0
	Established State Count: 1
	Routes Advertised: 1000
	Routes Withdrawn: 0
	Messages Tx: 6
	Messages Rx: 7
	Updates Tx: 1
	Updates Rx: 3
	Routes Rx: 2001
	Route Withdraws Rx: 0
	Opens Tx: 1
	Opens Rx: 1
	KeepAlives Tx: 4
	KeepAlives Rx: 3
	Notifications Tx: 0
	Notifications Rx: 0
	Hold Timer Expireds Tx: 0
	Hold Timer Expireds Rx: 0
	Graceful Restarts Attempted: 0
	Graceful Restarts Failed: 0
	Routes Rx Graceful Restart: 0
	End of RIB Rx: 0
Row:1  View:BGP Peer Per Port  Sampled:2020-10-21 08:26:02.193154 UTC
	Port: 10GE LAN - 002
	Sessions Up: 16
	Sessions Down: 0
	Sessions Not Started: 0
	Sessions Total: 16
	Sessions Configured: 16
	Sessions Established: 16
	Session Flap Count: 0
	Idle State Count: 0
	Connect State Count: 0
	Active State Count: 0
	OpenSent State Count: 0
	OpenConfirm State Count: 0
	Established State Count: 16
	Routes Advertised: 16000
	Routes Withdrawn: 0
	Messages Tx: 93
	Messages Rx: 109
	Updates Tx: 16
	Updates Rx: 48
	Routes Rx: 32016
	Route Withdraws Rx: 0
	Opens Tx: 16
	Opens Rx: 16
	KeepAlives Tx: 61
	KeepAlives Rx: 45
	Notifications Tx: 0
	Notifications Rx: 0
	Hold Timer Expireds Tx: 0
	Hold Timer Expireds Rx: 0
	Graceful Restarts Attempted: 0
	Graceful Restarts Failed: 0
	Routes Rx Graceful Restart: 0
	End of RIB Rx: 0


 (ixia_helpers.py:654)
2020-10-21 08:26:03 [    INFO] 

nProtocol STATS: Row:0  View:Protocols Summary  Sampled:2020-10-21 08:26:03.845281 UTC
	Protocol Type: BGP Peer
	Sessions Up: 17
	Sessions Down: 0
	Sessions Not Started: 0
	Sessions Total: 17
	Average Setup Rate: N/A
	Average Teardown Rate: N/A


 (ixia_helpers.py:654)
2020-10-21 08:26:03 [    INFO] 

nProtocol STATS: Row:1  View:Protocols Summary  Sampled:2020-10-21 08:26:03.845281 UTC
	Protocol Type: IPv4
	Sessions Up: 17
	Sessions Down: 0
	Sessions Not Started: 0
	Sessions Total: 17
	Average Setup Rate: N/A
	Average Teardown Rate: N/A


 (ixia_helpers.py:654)
2020-10-21 08:26:03 [    INFO] 所有BGP Peer已经全部到达Established状态 (ixia_helpers.py:654)
2020-10-21 08:26:03 [    INFO] Ixia测试仪表下发流量配置，发送路由验证流量。 (ixia_helpers.py:654)
2020-10-21 08:26:27 [    INFO] 发送interface down命令 (ixia_helpers.py:654)
2020-10-21 08:26:27 [    INFO] 连接DUT进行配置 (ixia_helpers.py:654)
2020-10-21 08:26:27 [    INFO] Connected (version 2.0, client OpenSSH_7.9p1) (transport.py:1572)
2020-10-21 08:26:27 [    INFO] Authentication (password) successful! (transport.py:1572)
2020-10-21 08:26:31 [    INFO] DUT配置完成 (ixia_helpers.py:654)
2020-10-21 08:26:31 [    INFO] 已经向fanout交换机发送interface down命令 (ixia_helpers.py:654)
2020-10-21 08:26:41 [    INFO] Ixia测试仪表停止流量。 (ixia_helpers.py:654)
2020-10-21 08:26:51 [    INFO] Ixia测试仪表根据需求按照Flow统计方式定制统计结果。 (ixia_helpers.py:654)
2020-10-21 08:26:53 [    INFO] 

STATS: Row:0  View:Flow Statistics  Sampled:2020-10-21 08:26:53.077714 UTC
	Tx Port: 10GE LAN - 001
	Rx Port: 10GE LAN - 002
	Traffic Item: Traffic Item
	VLAN:VLAN-ID: 1681
	Tx Frames: 4590865
	Rx Frames: 4589691
	Frames Delta: 1174
	Loss %: 0.026
	Packet Loss Duration (ms): 7.338
	Tx Frame Rate: 0.000
	Rx Frame Rate: 0.000
	Tx L1 Rate (bps): 0.000
	Rx L1 Rate (bps): 0.000
	Rx Bytes: 413072190
	Tx Rate (Bps): 0.000
	Rx Rate (Bps): 0.000
	Tx Rate (bps): 0.000
	Rx Rate (bps): 0.000
	Tx Rate (Kbps): 0.000
	Rx Rate (Kbps): 0.000
	Tx Rate (Mbps): 0.000
	Rx Rate (Mbps): 0.000
	Store-Forward Avg Latency (ns): 49871
	Store-Forward Min Latency (ns): 0
	Store-Forward Max Latency (ns): 9351260
	First TimeStamp: 00:00:01.000
	Last TimeStamp: 00:00:29.693


 (ixia_helpers.py:654)
2020-10-21 08:26:53 [    INFO] 
Row:0  TxPort:10GE LAN - 001  RxPort:10GE LAN - 002  TxFrames:4590865  RxFrames:4589691 Packet Loss Duration (ms):7.338
 (ixia_helpers.py:654)
2020-10-21 08:26:53 [    INFO] Packet Loss Duration (ms)：7.338 (test_ixia_demo_ecmp.py:117)
2020-10-21 08:27:27 [    INFO] 统计流量数据。 (ixia_helpers.py:654)
2020-10-21 08:27:29 [    INFO] 

STATS: Row:0  View:Flow Statistics  Sampled:2020-10-21 08:27:29.356202 UTC
	Tx Port: 10GE LAN - 001
	Rx Port: 10GE LAN - 002
	Traffic Item: Traffic Item
	VLAN:VLAN-ID: 1681
	Tx Frames: 2229420
	Rx Frames: 2229420
	Frames Delta: 0
	Loss %: 0.000
	Packet Loss Duration (ms): 0.000
	Tx Frame Rate: 0.000
	Rx Frame Rate: 0.000
	Tx L1 Rate (bps): 0.000
	Rx L1 Rate (bps): 0.000
	Rx Bytes: 200647800
	Tx Rate (Bps): 0.000
	Rx Rate (Bps): 0.000
	Tx Rate (bps): 0.000
	Rx Rate (bps): 0.000
	Tx Rate (Kbps): 0.000
	Rx Rate (Kbps): 0.000
	Tx Rate (Mbps): 0.000
	Rx Rate (Mbps): 0.000
	Store-Forward Avg Latency (ns): 51076
	Store-Forward Min Latency (ns): 0
	Store-Forward Max Latency (ns): 6460160
	First TimeStamp: 00:00:02.001
	Last TimeStamp: 00:00:15.935


 (ixia_helpers.py:654)
2020-10-21 08:27:29 [    INFO] 
Row:0  TxPort:10GE LAN - 001  RxPort:10GE LAN - 002  TxFrames:2229420  RxFrames:2229420
 (ixia_helpers.py:654)
2020-10-21 08:27:29 [    INFO] 发送interface up命令 (ixia_helpers.py:654)
2020-10-21 08:27:29 [    INFO] 连接DUT进行配置 (ixia_helpers.py:654)
2020-10-21 08:27:29 [    INFO] Connected (version 2.0, client OpenSSH_7.9p1) (transport.py:1572)
2020-10-21 08:27:29 [    INFO] Authentication (password) successful! (transport.py:1572)
2020-10-21 08:27:33 [    INFO] DUT配置完成 (ixia_helpers.py:654)
PASSED                                                                   [ 45%]
------------------------------ live log teardown -------------------------------
2020-10-21 08:27:47 [    INFO] Add end marker into DUT syslog (__init__.py:25)

ixia/test_ixia_demo_ecmp.py::test_ixia_demo_ecmp[10-20] 
-------------------------------- live log setup --------------------------------
2020-10-21 08:27:49 [    INFO] Add start marker into DUT syslog (__init__.py:14)
2020-10-21 08:27:50 [ WARNING] Verification of certificates is disabled (connection.py:242)
2020-10-21 08:27:50 [    INFO] The package will automatically determine the test tool platform and rest_port using the 10.36.78.241 address. (connection.py:239)
2020-10-21 08:27:50 [ WARNING] Unable to connect to test tool at http://10.36.78.241:443. (connection.py:242)
2020-10-21 08:27:50 [    INFO] Connection established to `https://10.36.78.241:443 on linux` (connection.py:239)
2020-10-21 08:27:59 [    INFO] using IxNetwork api server version 9.10.2007.7 (connection.py:239)
-------------------------------- live log call ---------------------------------
2020-10-21 08:28:01 [    INFO] 获取拓扑连接信息。 (ixia_helpers.py:654)
2020-10-21 08:28:01 [    INFO] 创建 Ixia Session IP。 (ixia_helpers.py:654)
2020-10-21 08:28:01 [    INFO] 加载配置文件。 (ixia_helpers.py:654)
2020-10-21 08:28:03 [    INFO] 配置License server信息。 (ixia_helpers.py:654)
2020-10-21 08:28:06 [    INFO] 连接机框，开始抢占端口[[u'10.36.78.8', '1', '1'], [u'10.36.78.8', '1', '3']] (ixia_helpers.py:654)
2020-10-21 08:28:06 [    INFO] 连接机框 10.36.78.8，开始抢占端口1/1 (ixia_helpers.py:654)
2020-10-21 08:28:06 [    INFO] 连接机框 10.36.78.8，开始抢占端口1/3 (ixia_helpers.py:654)
2020-10-21 08:28:45 [    INFO] 测试仪开启ARP应答，主动发送ARP请求。 (ixia_helpers.py:654)
2020-10-21 08:28:45 [    INFO] 建立BGP邻居关系, 发布BGP路由 (ixia_helpers.py:654)
2020-10-21 08:28:49 [    INFO] 等待协议建立完成，检查协议状态和数量是否正确。 (ixia_helpers.py:654)
2020-10-21 08:29:05 [    INFO] 

BGP STATS: Row:0  View:BGP Peer Per Port  Sampled:2020-10-21 08:29:05.411311 UTC
	Port: 10GE LAN - 001
	Sessions Up: 1
	Sessions Down: 0
	Sessions Not Started: 0
	Sessions Total: 1
	Sessions Configured: 1
	Sessions Established: 1
	Session Flap Count: 0
	Idle State Count: 0
	Connect State Count: 0
	Active State Count: 0
	OpenSent State Count: 0
	OpenConfirm State Count: 0
	Established State Count: 1
	Routes Advertised: 1000
	Routes Withdrawn: 0
	Messages Tx: 5
	Messages Rx: 6
	Updates Tx: 1
	Updates Rx: 3
	Routes Rx: 2001
	Route Withdraws Rx: 0
	Opens Tx: 1
	Opens Rx: 1
	KeepAlives Tx: 3
	KeepAlives Rx: 2
	Notifications Tx: 0
	Notifications Rx: 0
	Hold Timer Expireds Tx: 0
	Hold Timer Expireds Rx: 0
	Graceful Restarts Attempted: 0
	Graceful Restarts Failed: 0
	Routes Rx Graceful Restart: 0
	End of RIB Rx: 0
Row:1  View:BGP Peer Per Port  Sampled:2020-10-21 08:29:05.411311 UTC
	Port: 10GE LAN - 002
	Sessions Up: 16
	Sessions Down: 0
	Sessions Not Started: 0
	Sessions Total: 16
	Sessions Configured: 16
	Sessions Established: 16
	Session Flap Count: 0
	Idle State Count: 0
	Connect State Count: 0
	Active State Count: 0
	OpenSent State Count: 0
	OpenConfirm State Count: 0
	Established State Count: 16
	Routes Advertised: 16000
	Routes Withdrawn: 0
	Messages Tx: 100
	Messages Rx: 116
	Updates Tx: 16
	Updates Rx: 48
	Routes Rx: 32016
	Route Withdraws Rx: 0
	Opens Tx: 16
	Opens Rx: 16
	KeepAlives Tx: 68
	KeepAlives Rx: 52
	Notifications Tx: 0
	Notifications Rx: 0
	Hold Timer Expireds Tx: 0
	Hold Timer Expireds Rx: 0
	Graceful Restarts Attempted: 0
	Graceful Restarts Failed: 0
	Routes Rx Graceful Restart: 0
	End of RIB Rx: 0


 (ixia_helpers.py:654)
2020-10-21 08:29:07 [    INFO] 

nProtocol STATS: Row:0  View:Protocols Summary  Sampled:2020-10-21 08:29:07.026760 UTC
	Protocol Type: BGP Peer
	Sessions Up: 17
	Sessions Down: 0
	Sessions Not Started: 0
	Sessions Total: 17
	Average Setup Rate: N/A
	Average Teardown Rate: N/A


 (ixia_helpers.py:654)
2020-10-21 08:29:07 [    INFO] 

nProtocol STATS: Row:1  View:Protocols Summary  Sampled:2020-10-21 08:29:07.026760 UTC
	Protocol Type: IPv4
	Sessions Up: 17
	Sessions Down: 0
	Sessions Not Started: 0
	Sessions Total: 17
	Average Setup Rate: N/A
	Average Teardown Rate: N/A


 (ixia_helpers.py:654)
2020-10-21 08:29:07 [    INFO] 所有BGP Peer已经全部到达Established状态 (ixia_helpers.py:654)
2020-10-21 08:29:07 [    INFO] Ixia测试仪表下发流量配置，发送路由验证流量。 (ixia_helpers.py:654)
2020-10-21 08:29:30 [    INFO] 发送interface down命令 (ixia_helpers.py:654)
2020-10-21 08:29:30 [    INFO] 连接DUT进行配置 (ixia_helpers.py:654)
2020-10-21 08:29:30 [    INFO] Connected (version 2.0, client OpenSSH_7.9p1) (transport.py:1572)
2020-10-21 08:29:30 [    INFO] Authentication (password) successful! (transport.py:1572)
2020-10-21 08:29:34 [    INFO] DUT配置完成 (ixia_helpers.py:654)
2020-10-21 08:29:34 [    INFO] 已经向fanout交换机发送interface down命令 (ixia_helpers.py:654)
2020-10-21 08:29:44 [    INFO] Ixia测试仪表停止流量。 (ixia_helpers.py:654)
2020-10-21 08:29:53 [    INFO] Ixia测试仪表根据需求按照Flow统计方式定制统计结果。 (ixia_helpers.py:654)
2020-10-21 08:29:56 [    INFO] 

STATS: Row:0  View:Flow Statistics  Sampled:2020-10-21 08:29:56.061596 UTC
	Tx Port: 10GE LAN - 001
	Rx Port: 10GE LAN - 002
	Traffic Item: Traffic Item
	VLAN:VLAN-ID: 1681
	Tx Frames: 4580779
	Rx Frames: 4578649
	Frames Delta: 2130
	Loss %: 0.046
	Packet Loss Duration (ms): 13.313
	Tx Frame Rate: 0.000
	Rx Frame Rate: 0.000
	Tx L1 Rate (bps): 0.000
	Rx L1 Rate (bps): 0.000
	Rx Bytes: 412078410
	Tx Rate (Bps): 0.000
	Rx Rate (Bps): 0.000
	Tx Rate (bps): 0.000
	Rx Rate (bps): 0.000
	Tx Rate (Kbps): 0.000
	Rx Rate (Kbps): 0.000
	Tx Rate (Mbps): 0.000
	Rx Rate (Mbps): 0.000
	Store-Forward Avg Latency (ns): 51798
	Store-Forward Min Latency (ns): 0
	Store-Forward Max Latency (ns): 8268860
	First TimeStamp: 00:00:01.000
	Last TimeStamp: 00:00:29.630


 (ixia_helpers.py:654)
2020-10-21 08:29:56 [    INFO] 
Row:0  TxPort:10GE LAN - 001  RxPort:10GE LAN - 002  TxFrames:4580779  RxFrames:4578649 Packet Loss Duration (ms):13.313
 (ixia_helpers.py:654)
2020-10-21 08:29:56 [    INFO] Packet Loss Duration (ms)：13.313 (test_ixia_demo_ecmp.py:117)
2020-10-21 08:30:30 [    INFO] 统计流量数据。 (ixia_helpers.py:654)
2020-10-21 08:30:32 [    INFO] 

STATS: Row:0  View:Flow Statistics  Sampled:2020-10-21 08:30:32.117088 UTC
	Tx Port: 10GE LAN - 001
	Rx Port: 10GE LAN - 002
	Traffic Item: Traffic Item
	VLAN:VLAN-ID: 1681
	Tx Frames: 2207817
	Rx Frames: 2207817
	Frames Delta: 0
	Loss %: 0.000
	Packet Loss Duration (ms): 0.000
	Tx Frame Rate: 0.000
	Rx Frame Rate: 0.000
	Tx L1 Rate (bps): 0.000
	Rx L1 Rate (bps): 0.000
	Rx Bytes: 198703530
	Tx Rate (Bps): 0.000
	Rx Rate (Bps): 0.000
	Tx Rate (bps): 0.000
	Rx Rate (bps): 0.000
	Tx Rate (Kbps): 0.000
	Rx Rate (Kbps): 0.000
	Tx Rate (Mbps): 0.000
	Rx Rate (Mbps): 0.000
	Store-Forward Avg Latency (ns): 54331
	Store-Forward Min Latency (ns): 0
	Store-Forward Max Latency (ns): 5817360
	First TimeStamp: 00:00:02.001
	Last TimeStamp: 00:00:15.800


 (ixia_helpers.py:654)
2020-10-21 08:30:32 [    INFO] 
Row:0  TxPort:10GE LAN - 001  RxPort:10GE LAN - 002  TxFrames:2207817  RxFrames:2207817
 (ixia_helpers.py:654)
2020-10-21 08:30:32 [    INFO] 发送interface up命令 (ixia_helpers.py:654)
2020-10-21 08:30:32 [    INFO] 连接DUT进行配置 (ixia_helpers.py:654)
2020-10-21 08:30:32 [    INFO] Connected (version 2.0, client OpenSSH_7.9p1) (transport.py:1572)
2020-10-21 08:30:32 [    INFO] Authentication (password) successful! (transport.py:1572)
2020-10-21 08:30:36 [    INFO] DUT配置完成 (ixia_helpers.py:654)
PASSED                                                                   [ 50%]
------------------------------ live log teardown -------------------------------
2020-10-21 08:30:49 [    INFO] Add end marker into DUT syslog (__init__.py:25)

ixia/test_ixia_demo_ecmp.py::test_ixia_demo_ecmp[11-20] 
-------------------------------- live log setup --------------------------------
2020-10-21 08:30:51 [    INFO] Add start marker into DUT syslog (__init__.py:14)
2020-10-21 08:30:52 [ WARNING] Verification of certificates is disabled (connection.py:242)
2020-10-21 08:30:52 [    INFO] The package will automatically determine the test tool platform and rest_port using the 10.36.78.241 address. (connection.py:239)
2020-10-21 08:30:52 [ WARNING] Unable to connect to test tool at http://10.36.78.241:443. (connection.py:242)
2020-10-21 08:30:52 [    INFO] Connection established to `https://10.36.78.241:443 on linux` (connection.py:239)
2020-10-21 08:31:03 [    INFO] using IxNetwork api server version 9.10.2007.7 (connection.py:239)
-------------------------------- live log call ---------------------------------
2020-10-21 08:31:05 [    INFO] 获取拓扑连接信息。 (ixia_helpers.py:654)
2020-10-21 08:31:05 [    INFO] 创建 Ixia Session IP。 (ixia_helpers.py:654)
2020-10-21 08:31:05 [    INFO] 加载配置文件。 (ixia_helpers.py:654)
2020-10-21 08:31:07 [    INFO] 配置License server信息。 (ixia_helpers.py:654)
2020-10-21 08:31:10 [    INFO] 连接机框，开始抢占端口[[u'10.36.78.8', '1', '1'], [u'10.36.78.8', '1', '3']] (ixia_helpers.py:654)
2020-10-21 08:31:10 [    INFO] 连接机框 10.36.78.8，开始抢占端口1/1 (ixia_helpers.py:654)
2020-10-21 08:31:10 [    INFO] 连接机框 10.36.78.8，开始抢占端口1/3 (ixia_helpers.py:654)
2020-10-21 08:31:49 [    INFO] 测试仪开启ARP应答，主动发送ARP请求。 (ixia_helpers.py:654)
2020-10-21 08:31:49 [    INFO] 建立BGP邻居关系, 发布BGP路由 (ixia_helpers.py:654)
2020-10-21 08:31:53 [    INFO] 等待协议建立完成，检查协议状态和数量是否正确。 (ixia_helpers.py:654)
2020-10-21 08:32:09 [    INFO] 

BGP STATS: Row:0  View:BGP Peer Per Port  Sampled:2020-10-21 08:32:09.205853 UTC
	Port: 10GE LAN - 001
	Sessions Up: 1
	Sessions Down: 0
	Sessions Not Started: 0
	Sessions Total: 1
	Sessions Configured: 1
	Sessions Established: 1
	Session Flap Count: 0
	Idle State Count: 0
	Connect State Count: 0
	Active State Count: 0
	OpenSent State Count: 0
	OpenConfirm State Count: 0
	Established State Count: 1
	Routes Advertised: 1000
	Routes Withdrawn: 0
	Messages Tx: 7
	Messages Rx: 8
	Updates Tx: 1
	Updates Rx: 3
	Routes Rx: 2001
	Route Withdraws Rx: 0
	Opens Tx: 1
	Opens Rx: 1
	KeepAlives Tx: 5
	KeepAlives Rx: 4
	Notifications Tx: 0
	Notifications Rx: 0
	Hold Timer Expireds Tx: 0
	Hold Timer Expireds Rx: 0
	Graceful Restarts Attempted: 0
	Graceful Restarts Failed: 0
	Routes Rx Graceful Restart: 0
	End of RIB Rx: 0
Row:1  View:BGP Peer Per Port  Sampled:2020-10-21 08:32:09.205853 UTC
	Port: 10GE LAN - 002
	Sessions Up: 16
	Sessions Down: 0
	Sessions Not Started: 0
	Sessions Total: 16
	Sessions Configured: 16
	Sessions Established: 16
	Session Flap Count: 0
	Idle State Count: 0
	Connect State Count: 0
	Active State Count: 0
	OpenSent State Count: 0
	OpenConfirm State Count: 0
	Established State Count: 16
	Routes Advertised: 16000
	Routes Withdrawn: 0
	Messages Tx: 98
	Messages Rx: 114
	Updates Tx: 16
	Updates Rx: 48
	Routes Rx: 32016
	Route Withdraws Rx: 0
	Opens Tx: 16
	Opens Rx: 16
	KeepAlives Tx: 66
	KeepAlives Rx: 50
	Notifications Tx: 0
	Notifications Rx: 0
	Hold Timer Expireds Tx: 0
	Hold Timer Expireds Rx: 0
	Graceful Restarts Attempted: 0
	Graceful Restarts Failed: 0
	Routes Rx Graceful Restart: 0
	End of RIB Rx: 0


 (ixia_helpers.py:654)
2020-10-21 08:32:10 [    INFO] 

nProtocol STATS: Row:0  View:Protocols Summary  Sampled:2020-10-21 08:32:10.843067 UTC
	Protocol Type: BGP Peer
	Sessions Up: 17
	Sessions Down: 0
	Sessions Not Started: 0
	Sessions Total: 17
	Average Setup Rate: N/A
	Average Teardown Rate: N/A


 (ixia_helpers.py:654)
2020-10-21 08:32:10 [    INFO] 

nProtocol STATS: Row:1  View:Protocols Summary  Sampled:2020-10-21 08:32:10.843067 UTC
	Protocol Type: IPv4
	Sessions Up: 17
	Sessions Down: 0
	Sessions Not Started: 0
	Sessions Total: 17
	Average Setup Rate: N/A
	Average Teardown Rate: N/A


 (ixia_helpers.py:654)
2020-10-21 08:32:10 [    INFO] 所有BGP Peer已经全部到达Established状态 (ixia_helpers.py:654)
2020-10-21 08:32:10 [    INFO] Ixia测试仪表下发流量配置，发送路由验证流量。 (ixia_helpers.py:654)
2020-10-21 08:32:34 [    INFO] 发送interface down命令 (ixia_helpers.py:654)
[...]
	Graceful Restarts Failed: 0
	Routes Rx Graceful Restart: 0
	End of RIB Rx: 0
Row:1  View:BGP Peer Per Port  Sampled:2020-10-21 08:53:25.329685 UTC
	Port: 10GE LAN - 002
	Sessions Up: 16
	Sessions Down: 0
	Sessions Not Started: 0
	Sessions Total: 16
	Sessions Configured: 16
	Sessions Established: 16
	Session Flap Count: 0
	Idle State Count: 0
	Connect State Count: 0
	Active State Count: 0
	OpenSent State Count: 0
	OpenConfirm State Count: 0
	Established State Count: 16
	Routes Advertised: 16000
	Routes Withdrawn: 0
	Messages Tx: 87
	Messages Rx: 100
	Updates Tx: 16
	Updates Rx: 45
	Routes Rx: 30015
	Route Withdraws Rx: 0
	Opens Tx: 16
	Opens Rx: 16
	KeepAlives Tx: 55
	KeepAlives Rx: 39
	Notifications Tx: 0
	Notifications Rx: 0
	Hold Timer Expireds Tx: 0
	Hold Timer Expireds Rx: 0
	Graceful Restarts Attempted: 0
	Graceful Restarts Failed: 0
	Routes Rx Graceful Restart: 0
	End of RIB Rx: 0


 (ixia_helpers.py:654)
2020-10-21 08:53:27 [    INFO] 

nProtocol STATS: Row:0  View:Protocols Summary  Sampled:2020-10-21 08:53:27.035312 UTC
	Protocol Type: BGP Peer
	Sessions Up: 17
	Sessions Down: 0
	Sessions Not Started: 0
	Sessions Total: 17
	Average Setup Rate: N/A
	Average Teardown Rate: N/A


 (ixia_helpers.py:654)
2020-10-21 08:53:27 [    INFO] 

nProtocol STATS: Row:1  View:Protocols Summary  Sampled:2020-10-21 08:53:27.035312 UTC
	Protocol Type: IPv4
	Sessions Up: 17
	Sessions Down: 0
	Sessions Not Started: 0
	Sessions Total: 17
	Average Setup Rate: N/A
	Average Teardown Rate: N/A


 (ixia_helpers.py:654)
2020-10-21 08:53:27 [    INFO] 所有BGP Peer已经全部到达Established状态 (ixia_helpers.py:654)
2020-10-21 08:53:27 [    INFO] Ixia测试仪表下发流量配置，发送路由验证流量。 (ixia_helpers.py:654)
2020-10-21 08:53:50 [    INFO] 发送interface down命令 (ixia_helpers.py:654)
2020-10-21 08:53:50 [    INFO] 连接DUT进行配置 (ixia_helpers.py:654)
2020-10-21 08:53:50 [    INFO] Connected (version 2.0, client OpenSSH_7.9p1) (transport.py:1572)
2020-10-21 08:53:50 [    INFO] Authentication (password) successful! (transport.py:1572)
2020-10-21 08:53:54 [    INFO] DUT配置完成 (ixia_helpers.py:654)
2020-10-21 08:53:54 [    INFO] 已经向fanout交换机发送interface down命令 (ixia_helpers.py:654)
2020-10-21 08:54:04 [    INFO] Ixia测试仪表停止流量。 (ixia_helpers.py:654)
2020-10-21 08:54:14 [    INFO] Ixia测试仪表根据需求按照Flow统计方式定制统计结果。 (ixia_helpers.py:654)
2020-10-21 08:54:16 [    INFO] 

STATS: Row:0  View:Flow Statistics  Sampled:2020-10-21 08:54:16.290713 UTC
	Tx Port: 10GE LAN - 001
	Rx Port: 10GE LAN - 002
	Traffic Item: Traffic Item
	VLAN:VLAN-ID: 1681
	Tx Frames: 4468468
	Rx Frames: 4466272
	Frames Delta: 2196
	Loss %: 0.049
	Packet Loss Duration (ms): 13.725
	Tx Frame Rate: 0.000
	Rx Frame Rate: 0.000
	Tx L1 Rate (bps): 0.000
	Rx L1 Rate (bps): 0.000
	Rx Bytes: 401964480
	Tx Rate (Bps): 0.000
	Rx Rate (Bps): 0.000
	Tx Rate (bps): 0.000
	Rx Rate (bps): 0.000
	Tx Rate (Kbps): 0.000
	Rx Rate (Kbps): 0.000
	Tx Rate (Mbps): 0.000
	Rx Rate (Mbps): 0.000
	Store-Forward Avg Latency (ns): 48459
	Store-Forward Min Latency (ns): 0
	Store-Forward Max Latency (ns): 4932400
	First TimeStamp: 00:00:02.001
	Last TimeStamp: 00:00:29.929


 (ixia_helpers.py:654)
2020-10-21 08:54:16 [    INFO] 
Row:0  TxPort:10GE LAN - 001  RxPort:10GE LAN - 002  TxFrames:4468468  RxFrames:4466272 Packet Loss Duration (ms):13.725
 (ixia_helpers.py:654)
2020-10-21 08:54:16 [    INFO] Packet Loss Duration (ms)：13.725 (test_ixia_demo_ecmp.py:117)
2020-10-21 08:54:50 [    INFO] 统计流量数据。 (ixia_helpers.py:654)
2020-10-21 08:54:52 [    INFO] 

STATS: Row:0  View:Flow Statistics  Sampled:2020-10-21 08:54:52.450663 UTC
	Tx Port: 10GE LAN - 001
	Rx Port: 10GE LAN - 002
	Traffic Item: Traffic Item
	VLAN:VLAN-ID: 1681
	Tx Frames: 2246552
	Rx Frames: 2246552
	Frames Delta: 0
	Loss %: 0.000
	Packet Loss Duration (ms): 0.000
	Tx Frame Rate: 0.000
	Rx Frame Rate: 0.000
	Tx L1 Rate (bps): 0.000
	Rx L1 Rate (bps): 0.000
	Rx Bytes: 202189680
	Tx Rate (Bps): 0.000
	Rx Rate (Bps): 0.000
	Tx Rate (bps): 0.000
	Rx Rate (bps): 0.000
	Tx Rate (Kbps): 0.000
	Rx Rate (Kbps): 0.000
	Tx Rate (Mbps): 0.000
	Rx Rate (Mbps): 0.000
	Store-Forward Avg Latency (ns): 49679
	Store-Forward Min Latency (ns): 0
	Store-Forward Max Latency (ns): 4616400
	First TimeStamp: 00:00:02.001
	Last TimeStamp: 00:00:16.042


 (ixia_helpers.py:654)
2020-10-21 08:54:52 [    INFO] 
Row:0  TxPort:10GE LAN - 001  RxPort:10GE LAN - 002  TxFrames:2246552  RxFrames:2246552
 (ixia_helpers.py:654)
2020-10-21 08:54:52 [    INFO] 发送interface up命令 (ixia_helpers.py:654)
2020-10-21 08:54:52 [    INFO] 连接DUT进行配置 (ixia_helpers.py:654)
2020-10-21 08:54:52 [    INFO] Connected (version 2.0, client OpenSSH_7.9p1) (transport.py:1572)
2020-10-21 08:54:52 [    INFO] Authentication (password) successful! (transport.py:1572)
2020-10-21 08:54:56 [    INFO] DUT配置完成 (ixia_helpers.py:654)
PASSED                                                                   [ 90%]
------------------------------ live log teardown -------------------------------
2020-10-21 08:55:11 [    INFO] Add end marker into DUT syslog (__init__.py:25)

ixia/test_ixia_demo_ecmp.py::test_ixia_demo_ecmp[19-20] 
-------------------------------- live log setup --------------------------------
2020-10-21 08:55:13 [    INFO] Add start marker into DUT syslog (__init__.py:14)
2020-10-21 08:55:14 [ WARNING] Verification of certificates is disabled (connection.py:242)
2020-10-21 08:55:14 [    INFO] The package will automatically determine the test tool platform and rest_port using the 10.36.78.241 address. (connection.py:239)
2020-10-21 08:55:14 [ WARNING] Unable to connect to test tool at http://10.36.78.241:443. (connection.py:242)
2020-10-21 08:55:14 [    INFO] Connection established to `https://10.36.78.241:443 on linux` (connection.py:239)
2020-10-21 08:55:24 [    INFO] using IxNetwork api server version 9.10.2007.7 (connection.py:239)
-------------------------------- live log call ---------------------------------
2020-10-21 08:55:25 [    INFO] 获取拓扑连接信息。 (ixia_helpers.py:654)
2020-10-21 08:55:25 [    INFO] 创建 Ixia Session IP。 (ixia_helpers.py:654)
2020-10-21 08:55:25 [    INFO] 加载配置文件。 (ixia_helpers.py:654)
2020-10-21 08:55:27 [    INFO] 配置License server信息。 (ixia_helpers.py:654)
2020-10-21 08:55:30 [    INFO] 连接机框，开始抢占端口[[u'10.36.78.8', '1', '1'], [u'10.36.78.8', '1', '3']] (ixia_helpers.py:654)
2020-10-21 08:55:30 [    INFO] 连接机框 10.36.78.8，开始抢占端口1/1 (ixia_helpers.py:654)
2020-10-21 08:55:30 [    INFO] 连接机框 10.36.78.8，开始抢占端口1/3 (ixia_helpers.py:654)
2020-10-21 08:56:09 [    INFO] 测试仪开启ARP应答，主动发送ARP请求。 (ixia_helpers.py:654)
2020-10-21 08:56:09 [    INFO] 建立BGP邻居关系, 发布BGP路由 (ixia_helpers.py:654)
2020-10-21 08:56:13 [    INFO] 等待协议建立完成，检查协议状态和数量是否正确。 (ixia_helpers.py:654)
2020-10-21 08:56:25 [    INFO] 

BGP STATS: Row:0  View:BGP Peer Per Port  Sampled:2020-10-21 08:56:25.694847 UTC
	Port: 10GE LAN - 001
	Sessions Up: 1
	Sessions Down: 0
	Sessions Not Started: 0
	Sessions Total: 1
	Sessions Configured: 1
	Sessions Established: 1
	Session Flap Count: 0
	Idle State Count: 0
	Connect State Count: 0
	Active State Count: 0
	OpenSent State Count: 0
	OpenConfirm State Count: 0
	Established State Count: 1
	Routes Advertised: 1000
	Routes Withdrawn: 0
	Messages Tx: 5
	Messages Rx: 6
	Updates Tx: 1
	Updates Rx: 3
	Routes Rx: 2001
	Route Withdraws Rx: 0
	Opens Tx: 1
	Opens Rx: 1
	KeepAlives Tx: 3
	KeepAlives Rx: 2
	Notifications Tx: 0
	Notifications Rx: 0
	Hold Timer Expireds Tx: 0
	Hold Timer Expireds Rx: 0
	Graceful Restarts Attempted: 0
	Graceful Restarts Failed: 0
	Routes Rx Graceful Restart: 0
	End of RIB Rx: 0
Row:1  View:BGP Peer Per Port  Sampled:2020-10-21 08:56:25.694847 UTC
	Port: 10GE LAN - 002
	Sessions Up: 16
	Sessions Down: 0
	Sessions Not Started: 0
	Sessions Total: 16
	Sessions Configured: 16
	Sessions Established: 16
	Session Flap Count: 0
	Idle State Count: 0
	Connect State Count: 0
	Active State Count: 0
	OpenSent State Count: 0
	OpenConfirm State Count: 0
	Established State Count: 16
	Routes Advertised: 16000
	Routes Withdrawn: 0
	Messages Tx: 78
	Messages Rx: 94
	Updates Tx: 16
	Updates Rx: 48
	Routes Rx: 32016
	Route Withdraws Rx: 0
	Opens Tx: 16
	Opens Rx: 16
	KeepAlives Tx: 46
	KeepAlives Rx: 30
	Notifications Tx: 0
	Notifications Rx: 0
	Hold Timer Expireds Tx: 0
	Hold Timer Expireds Rx: 0
	Graceful Restarts Attempted: 0
	Graceful Restarts Failed: 0
	Routes Rx Graceful Restart: 0
	End of RIB Rx: 0


 (ixia_helpers.py:654)
2020-10-21 08:56:27 [    INFO] 

nProtocol STATS: Row:0  View:Protocols Summary  Sampled:2020-10-21 08:56:27.349630 UTC
	Protocol Type: BGP Peer
	Sessions Up: 17
	Sessions Down: 0
	Sessions Not Started: 0
	Sessions Total: 17
	Average Setup Rate: N/A
	Average Teardown Rate: N/A


 (ixia_helpers.py:654)
2020-10-21 08:56:27 [    INFO] 

nProtocol STATS: Row:1  View:Protocols Summary  Sampled:2020-10-21 08:56:27.349630 UTC
	Protocol Type: IPv4
	Sessions Up: 17
	Sessions Down: 0
	Sessions Not Started: 0
	Sessions Total: 17
	Average Setup Rate: N/A
	Average Teardown Rate: N/A


 (ixia_helpers.py:654)
2020-10-21 08:56:27 [    INFO] 所有BGP Peer已经全部到达Established状态 (ixia_helpers.py:654)
2020-10-21 08:56:27 [    INFO] Ixia测试仪表下发流量配置，发送路由验证流量。 (ixia_helpers.py:654)
2020-10-21 08:56:50 [    INFO] 发送interface down命令 (ixia_helpers.py:654)
2020-10-21 08:56:50 [    INFO] 连接DUT进行配置 (ixia_helpers.py:654)
2020-10-21 08:56:50 [    INFO] Connected (version 2.0, client OpenSSH_7.9p1) (transport.py:1572)
2020-10-21 08:56:50 [    INFO] Authentication (password) successful! (transport.py:1572)
2020-10-21 08:56:54 [    INFO] DUT配置完成 (ixia_helpers.py:654)
2020-10-21 08:56:54 [    INFO] 已经向fanout交换机发送interface down命令 (ixia_helpers.py:654)
2020-10-21 08:57:04 [    INFO] Ixia测试仪表停止流量。 (ixia_helpers.py:654)
2020-10-21 08:57:14 [    INFO] Ixia测试仪表根据需求按照Flow统计方式定制统计结果。 (ixia_helpers.py:654)
2020-10-21 08:57:16 [    INFO] 

STATS: Row:0  View:Flow Statistics  Sampled:2020-10-21 08:57:16.417774 UTC
	Tx Port: 10GE LAN - 001
	Rx Port: 10GE LAN - 002
	Traffic Item: Traffic Item
	VLAN:VLAN-ID: 1681
	Tx Frames: 4485273
	Rx Frames: 4482784
	Frames Delta: 2489
	Loss %: 0.055
	Packet Loss Duration (ms): 15.556
	Tx Frame Rate: 0.000
	Rx Frame Rate: 0.000
	Tx L1 Rate (bps): 0.000
	Rx L1 Rate (bps): 0.000
	Rx Bytes: 403450560
	Tx Rate (Bps): 0.000
	Rx Rate (Bps): 0.000
	Tx Rate (bps): 0.000
	Rx Rate (bps): 0.000
	Tx Rate (Kbps): 0.000
	Rx Rate (Kbps): 0.000
	Tx Rate (Mbps): 0.000
	Rx Rate (Mbps): 0.000
	Store-Forward Avg Latency (ns): 47621
	Store-Forward Min Latency (ns): 0
	Store-Forward Max Latency (ns): 5928960
	First TimeStamp: 00:00:02.001
	Last TimeStamp: 00:00:30.034


 (ixia_helpers.py:654)
2020-10-21 08:57:16 [    INFO] 
Row:0  TxPort:10GE LAN - 001  RxPort:10GE LAN - 002  TxFrames:4485273  RxFrames:4482784 Packet Loss Duration (ms):15.556
 (ixia_helpers.py:654)
2020-10-21 08:57:16 [    INFO] Packet Loss Duration (ms)：15.556 (test_ixia_demo_ecmp.py:117)
2020-10-21 08:57:50 [    INFO] 统计流量数据。 (ixia_helpers.py:654)
2020-10-21 08:57:52 [    INFO] 

STATS: Row:0  View:Flow Statistics  Sampled:2020-10-21 08:57:52.753941 UTC
	Tx Port: 10GE LAN - 001
	Rx Port: 10GE LAN - 002
	Traffic Item: Traffic Item
	VLAN:VLAN-ID: 1681
	Tx Frames: 2300778
	Rx Frames: 2300778
	Frames Delta: 0
	Loss %: 0.000
	Packet Loss Duration (ms): 0.000
	Tx Frame Rate: 0.000
	Rx Frame Rate: 0.000
	Tx L1 Rate (bps): 0.000
	Rx L1 Rate (bps): 0.000
	Rx Bytes: 207070020
	Tx Rate (Bps): 0.000
	Rx Rate (Bps): 0.000
	Tx Rate (bps): 0.000
	Rx Rate (bps): 0.000
	Tx Rate (Kbps): 0.000
	Rx Rate (Kbps): 0.000
	Tx Rate (Mbps): 0.000
	Rx Rate (Mbps): 0.000
	Store-Forward Avg Latency (ns): 45041
	Store-Forward Min Latency (ns): 0
	Store-Forward Max Latency (ns): 2451420
	First TimeStamp: 00:00:01.002
	Last TimeStamp: 00:00:15.381


 (ixia_helpers.py:654)
2020-10-21 08:57:52 [    INFO] 
Row:0  TxPort:10GE LAN - 001  RxPort:10GE LAN - 002  TxFrames:2300778  RxFrames:2300778
 (ixia_helpers.py:654)
2020-10-21 08:57:52 [    INFO] 发送interface up命令 (ixia_helpers.py:654)
2020-10-21 08:57:52 [    INFO] 连接DUT进行配置 (ixia_helpers.py:654)
2020-10-21 08:57:52 [    INFO] Connected (version 2.0, client OpenSSH_7.9p1) (transport.py:1572)
2020-10-21 08:57:53 [    INFO] Authentication (password) successful! (transport.py:1572)
2020-10-21 08:57:57 [    INFO] DUT配置完成 (ixia_helpers.py:654)
PASSED                                                                   [ 95%]
------------------------------ live log teardown -------------------------------
2020-10-21 08:58:10 [    INFO] Add end marker into DUT syslog (__init__.py:25)

ixia/test_ixia_demo_ecmp.py::test_ixia_demo_ecmp[20-20] 
-------------------------------- live log setup --------------------------------
2020-10-21 08:58:12 [    INFO] Add start marker into DUT syslog (__init__.py:14)
2020-10-21 08:58:13 [ WARNING] Verification of certificates is disabled (connection.py:242)
2020-10-21 08:58:13 [    INFO] The package will automatically determine the test tool platform and rest_port using the 10.36.78.241 address. (connection.py:239)
2020-10-21 08:58:13 [ WARNING] Unable to connect to test tool at http://10.36.78.241:443. (connection.py:242)
2020-10-21 08:58:13 [    INFO] Connection established to `https://10.36.78.241:443 on linux` (connection.py:239)
2020-10-21 08:58:23 [    INFO] using IxNetwork api server version 9.10.2007.7 (connection.py:239)
-------------------------------- live log call ---------------------------------
2020-10-21 08:58:24 [    INFO] 获取拓扑连接信息。 (ixia_helpers.py:654)
2020-10-21 08:58:24 [    INFO] 创建 Ixia Session IP。 (ixia_helpers.py:654)
2020-10-21 08:58:24 [    INFO] 加载配置文件。 (ixia_helpers.py:654)
2020-10-21 08:58:26 [    INFO] 配置License server信息。 (ixia_helpers.py:654)
2020-10-21 08:58:29 [    INFO] 连接机框，开始抢占端口[[u'10.36.78.8', '1', '1'], [u'10.36.78.8', '1', '3']] (ixia_helpers.py:654)
2020-10-21 08:58:29 [    INFO] 连接机框 10.36.78.8，开始抢占端口1/1 (ixia_helpers.py:654)
2020-10-21 08:58:29 [    INFO] 连接机框 10.36.78.8，开始抢占端口1/3 (ixia_helpers.py:654)
2020-10-21 08:59:08 [    INFO] 测试仪开启ARP应答，主动发送ARP请求。 (ixia_helpers.py:654)
2020-10-21 08:59:08 [    INFO] 建立BGP邻居关系, 发布BGP路由 (ixia_helpers.py:654)
2020-10-21 08:59:12 [    INFO] 等待协议建立完成，检查协议状态和数量是否正确。 (ixia_helpers.py:654)
2020-10-21 08:59:28 [    INFO] 

BGP STATS: Row:0  View:BGP Peer Per Port  Sampled:2020-10-21 08:59:28.873031 UTC
	Port: 10GE LAN - 001
	Sessions Up: 1
	Sessions Down: 0
	Sessions Not Started: 0
	Sessions Total: 1
	Sessions Configured: 1
	Sessions Established: 1
	Session Flap Count: 0
	Idle State Count: 0
	Connect State Count: 0
	Active State Count: 0
	OpenSent State Count: 0
	OpenConfirm State Count: 0
	Established State Count: 1
	Routes Advertised: 1000
	Routes Withdrawn: 0
	Messages Tx: 7
	Messages Rx: 8
	Updates Tx: 1
	Updates Rx: 3
	Routes Rx: 2001
	Route Withdraws Rx: 0
	Opens Tx: 1
	Opens Rx: 1
	KeepAlives Tx: 5
	KeepAlives Rx: 4
	Notifications Tx: 0
	Notifications Rx: 0
	Hold Timer Expireds Tx: 0
	Hold Timer Expireds Rx: 0
	Graceful Restarts Attempted: 0
	Graceful Restarts Failed: 0
	Routes Rx Graceful Restart: 0
	End of RIB Rx: 0
Row:1  View:BGP Peer Per Port  Sampled:2020-10-21 08:59:28.873031 UTC
	Port: 10GE LAN - 002
	Sessions Up: 16
	Sessions Down: 0
	Sessions Not Started: 0
	Sessions Total: 16
	Sessions Configured: 16
	Sessions Established: 16
	Session Flap Count: 0
	Idle State Count: 0
	Connect State Count: 0
	Active State Count: 0
	OpenSent State Count: 0
	OpenConfirm State Count: 0
	Established State Count: 16
	Routes Advertised: 16000
	Routes Withdrawn: 0
	Messages Tx: 99
	Messages Rx: 115
	Updates Tx: 16
	Updates Rx: 48
	Routes Rx: 32016
	Route Withdraws Rx: 0
	Opens Tx: 16
	Opens Rx: 16
	KeepAlives Tx: 67
	KeepAlives Rx: 51
	Notifications Tx: 0
	Notifications Rx: 0
	Hold Timer Expireds Tx: 0
	Hold Timer Expireds Rx: 0
	Graceful Restarts Attempted: 0
	Graceful Restarts Failed: 0
	Routes Rx Graceful Restart: 0
	End of RIB Rx: 0


 (ixia_helpers.py:654)
2020-10-21 08:59:30 [    INFO] 

nProtocol STATS: Row:0  View:Protocols Summary  Sampled:2020-10-21 08:59:30.557905 UTC
	Protocol Type: BGP Peer
	Sessions Up: 17
	Sessions Down: 0
	Sessions Not Started: 0
	Sessions Total: 17
	Average Setup Rate: N/A
	Average Teardown Rate: N/A


 (ixia_helpers.py:654)
2020-10-21 08:59:30 [    INFO] 

nProtocol STATS: Row:1  View:Protocols Summary  Sampled:2020-10-21 08:59:30.557905 UTC
	Protocol Type: IPv4
	Sessions Up: 17
	Sessions Down: 0
	Sessions Not Started: 0
	Sessions Total: 17
	Average Setup Rate: N/A
	Average Teardown Rate: N/A


 (ixia_helpers.py:654)
2020-10-21 08:59:30 [    INFO] 所有BGP Peer已经全部到达Established状态 (ixia_helpers.py:654)
2020-10-21 08:59:30 [    INFO] Ixia测试仪表下发流量配置，发送路由验证流量。 (ixia_helpers.py:654)
2020-10-21 08:59:54 [    INFO] 发送interface down命令 (ixia_helpers.py:654)
2020-10-21 08:59:54 [    INFO] 连接DUT进行配置 (ixia_helpers.py:654)
2020-10-21 08:59:54 [    INFO] Connected (version 2.0, client OpenSSH_7.9p1) (transport.py:1572)
2020-10-21 08:59:54 [    INFO] Authentication (password) successful! (transport.py:1572)
2020-10-21 08:59:58 [    INFO] DUT配置完成 (ixia_helpers.py:654)
2020-10-21 08:59:58 [    INFO] 已经向fanout交换机发送interface down命令 (ixia_helpers.py:654)
2020-10-21 09:00:08 [    INFO] Ixia测试仪表停止流量。 (ixia_helpers.py:654)
2020-10-21 09:00:17 [    INFO] Ixia测试仪表根据需求按照Flow统计方式定制统计结果。 (ixia_helpers.py:654)
2020-10-21 09:00:19 [    INFO] 

STATS: Row:0  View:Flow Statistics  Sampled:2020-10-21 09:00:19.824657 UTC
	Tx Port: 10GE LAN - 001
	Rx Port: 10GE LAN - 002
	Traffic Item: Traffic Item
	VLAN:VLAN-ID: 1681
	Tx Frames: 4554542
	Rx Frames: 4553525
	Frames Delta: 1017
	Loss %: 0.022
	Packet Loss Duration (ms): 6.356
	Tx Frame Rate: 0.000
	Rx Frame Rate: 0.000
	Tx L1 Rate (bps): 0.000
	Rx L1 Rate (bps): 0.000
	Rx Bytes: 409817250
	Tx Rate (Bps): 0.000
	Rx Rate (Bps): 0.000
	Tx Rate (bps): 0.000
	Rx Rate (bps): 0.000
	Tx Rate (Kbps): 0.000
	Rx Rate (Kbps): 0.000
	Tx Rate (Mbps): 0.000
	Rx Rate (Mbps): 0.000
	Store-Forward Avg Latency (ns): 44838
	Store-Forward Min Latency (ns): 0
	Store-Forward Max Latency (ns): 4723920
	First TimeStamp: 00:00:02.001
	Last TimeStamp: 00:00:30.467


 (ixia_helpers.py:654)
2020-10-21 09:00:19 [    INFO] 
Row:0  TxPort:10GE LAN - 001  RxPort:10GE LAN - 002  TxFrames:4554542  RxFrames:4553525 Packet Loss Duration (ms):6.356
 (ixia_helpers.py:654)
2020-10-21 09:00:19 [    INFO] Packet Loss Duration (ms)：6.356 (test_ixia_demo_ecmp.py:117)
2020-10-21 09:00:52 [    INFO] 统计流量数据。 (ixia_helpers.py:654)
2020-10-21 09:00:55 [    INFO] 

STATS: Row:0  View:Flow Statistics  Sampled:2020-10-21 09:00:55.050809 UTC
	Tx Port: 10GE LAN - 001
	Rx Port: 10GE LAN - 002
	Traffic Item: Traffic Item
	VLAN:VLAN-ID: 1681
	Tx Frames: 2164478
	Rx Frames: 2164478
	Frames Delta: 0
	Loss %: 0.000
	Packet Loss Duration (ms): 0.000
	Tx Frame Rate: 0.000
	Rx Frame Rate: 0.000
	Tx L1 Rate (bps): 0.000
	Rx L1 Rate (bps): 0.000
	Rx Bytes: 194803020
	Tx Rate (Bps): 0.000
	Rx Rate (Bps): 0.000
	Tx Rate (bps): 0.000
	Rx Rate (bps): 0.000
	Tx Rate (Kbps): 0.000
	Rx Rate (Kbps): 0.000
	Tx Rate (Mbps): 0.000
	Rx Rate (Mbps): 0.000
	Store-Forward Avg Latency (ns): 54797
	Store-Forward Min Latency (ns): 0
	Store-Forward Max Latency (ns): 6623280
	First TimeStamp: 00:00:01.098
	Last TimeStamp: 00:00:14.626


 (ixia_helpers.py:654)
2020-10-21 09:00:55 [    INFO] 
Row:0  TxPort:10GE LAN - 001  RxPort:10GE LAN - 002  TxFrames:2164478  RxFrames:2164478
 (ixia_helpers.py:654)
2020-10-21 09:00:55 [    INFO] 发送interface up命令 (ixia_helpers.py:654)
2020-10-21 09:00:55 [    INFO] 连接DUT进行配置 (ixia_helpers.py:654)
2020-10-21 09:00:55 [    INFO] Connected (version 2.0, client OpenSSH_7.9p1) (transport.py:1572)
2020-10-21 09:00:55 [    INFO] Authentication (password) successful! (transport.py:1572)
2020-10-21 09:00:59 [    INFO] DUT配置完成 (ixia_helpers.py:654)
PASSED                                                                   [100%]
------------------------------ live log teardown -------------------------------
2020-10-21 09:01:12 [    INFO] Add end marker into DUT syslog (__init__.py:25)


========================= 20 passed in 3650.33 seconds =========================
